#
# There is insufficient memory for the Java Runtime Environment to continue.
# Native memory allocation (malloc) failed to allocate 163696 bytes for Chunk::new
# Possible reasons:
#   The system is out of physical RAM or swap space
#   The process is running with CompressedOops enabled, and the Java Heap may be blocking the growth of the native heap
# Possible solutions:
#   Reduce memory load on the system
#   Increase physical memory or swap space
#   Check if swap backing store is full
#   Decrease Java heap size (-Xmx/-Xms)
#   Decrease number of Java threads
#   Decrease Java thread stack sizes (-Xss)
#   Set larger code cache with -XX:ReservedCodeCacheSize=
#   JVM is running with Zero Based Compressed Oops mode in which the Java heap is
#     placed in the first 32GB address space. The Java Heap base address is the
#     maximum limit for the native heap growth. Please use -XX:HeapBaseMinAddress
#     to set the Java Heap base and to place the Java Heap above 32GB virtual address.
# This output file may be truncated or incomplete.
#
#  Out of Memory Error (arena.cpp:189), pid=13908, tid=15492
#
# JRE version: OpenJDK Runtime Environment Temurin-17.0.6+10 (17.0.6+10) (build 17.0.6+10)
# Java VM: OpenJDK 64-Bit Server VM Temurin-17.0.6+10 (17.0.6+10, mixed mode, sharing, tiered, compressed oops, compressed class ptrs, g1 gc, windows-amd64)
# No core dump will be written. Minidumps are not enabled by default on client versions of Windows
#

---------------  S U M M A R Y ------------

Command Line: -ea -Didea.test.cyclic.buffer.size=1048576 -javaagent:C:\Program Files\JetBrains\IntelliJ IDEA 2023.2.3\lib\idea_rt.jar=60937:C:\Program Files\JetBrains\IntelliJ IDEA 2023.2.3\bin -Dfile.encoding=UTF-8 com.intellij.rt.junit.JUnitStarter -ideVersion5 -junit4 SeleniumTest,scenario2

Host: Intel(R) Core(TM) i5-6300U CPU @ 2.40GHz, 4 cores, 15G,  Windows 10 , 64 bit Build 19041 (10.0.19041.3636)
Time: Mon May 13 03:06:26 2024 Egypt Daylight Time elapsed time: 2.102610 seconds (0d 0h 0m 2s)

---------------  T H R E A D  ---------------

Current thread (0x00000202dfe0b710):  JavaThread "C2 CompilerThread0" daemon [_thread_in_native, id=15492, stack(0x00000009e5d00000,0x00000009e5e00000)]


Current CompileTask:
C2:   2102 1362       4       jdk.internal.org.objectweb.asm.SymbolTable::addConstantUtf8 (98 bytes)

Stack: [0x00000009e5d00000,0x00000009e5e00000]
Native frames: (J=compiled Java code, j=interpreted, Vv=VM code, C=native code)
V  [jvm.dll+0x67741a]
V  [jvm.dll+0x834434]
V  [jvm.dll+0x835bde]
V  [jvm.dll+0x836243]
V  [jvm.dll+0x2457b5]
V  [jvm.dll+0xabafc]
V  [jvm.dll+0xac0cc]
V  [jvm.dll+0x2ac94f]
V  [jvm.dll+0x57de47]
V  [jvm.dll+0x220812]
V  [jvm.dll+0x219caf]
V  [jvm.dll+0x21790b]
V  [jvm.dll+0x1a3d0d]
V  [jvm.dll+0x22742a]
V  [jvm.dll+0x225565]
V  [jvm.dll+0x7ea2cb]
V  [jvm.dll+0x7e483a]
V  [jvm.dll+0x6762c5]
C  [ucrtbase.dll+0x21bb2]
C  [KERNEL32.DLL+0x17344]
C  [ntdll.dll+0x526b1]


---------------  P R O C E S S  ---------------

Threads class SMR info:
_java_thread_list=0x00000202e1596040, length=20, elements={
0x00000202bd6f1350, 0x00000202dfdee7c0, 0x00000202dfdefdd0, 0x00000202dfe03560,
0x00000202dfe03f10, 0x00000202dfe048c0, 0x00000202dfe06a20, 0x00000202dfe0b710,
0x00000202dfe18d10, 0x00000202e085abc0, 0x00000202e0892eb0, 0x00000202e0a1ddb0,
0x00000202e0a1e280, 0x00000202e1088db0, 0x00000202e15c9a10, 0x00000202e158d1d0,
0x00000202e16bfcc0, 0x00000202e16c1620, 0x00000202e16b54a0, 0x00000202e0b459c0
}

Java Threads: ( => current thread )
  0x00000202bd6f1350 JavaThread "Forwarding newSession on session null to remote" [_thread_in_vm, id=10672, stack(0x00000009e5000000,0x00000009e5100000)]
  0x00000202dfdee7c0 JavaThread "Reference Handler" daemon [_thread_blocked, id=13044, stack(0x00000009e5700000,0x00000009e5800000)]
  0x00000202dfdefdd0 JavaThread "Finalizer" daemon [_thread_blocked, id=12104, stack(0x00000009e5800000,0x00000009e5900000)]
  0x00000202dfe03560 JavaThread "Signal Dispatcher" daemon [_thread_blocked, id=20020, stack(0x00000009e5900000,0x00000009e5a00000)]
  0x00000202dfe03f10 JavaThread "Attach Listener" daemon [_thread_blocked, id=16040, stack(0x00000009e5a00000,0x00000009e5b00000)]
  0x00000202dfe048c0 JavaThread "Service Thread" daemon [_thread_blocked, id=16960, stack(0x00000009e5b00000,0x00000009e5c00000)]
  0x00000202dfe06a20 JavaThread "Monitor Deflation Thread" daemon [_thread_blocked, id=9448, stack(0x00000009e5c00000,0x00000009e5d00000)]
=>0x00000202dfe0b710 JavaThread "C2 CompilerThread0" daemon [_thread_in_native, id=15492, stack(0x00000009e5d00000,0x00000009e5e00000)]
  0x00000202dfe18d10 JavaThread "C1 CompilerThread0" daemon [_thread_blocked, id=2112, stack(0x00000009e5e00000,0x00000009e5f00000)]
  0x00000202e085abc0 JavaThread "Sweeper thread" daemon [_thread_blocked, id=13120, stack(0x00000009e5f00000,0x00000009e6000000)]
  0x00000202e0892eb0 JavaThread "Common-Cleaner" daemon [_thread_blocked, id=15516, stack(0x00000009e6000000,0x00000009e6100000)]
  0x00000202e0a1ddb0 JavaThread "Monitor Ctrl-Break" daemon [_thread_in_native, id=7936, stack(0x00000009e6100000,0x00000009e6200000)]
  0x00000202e0a1e280 JavaThread "Notification Thread" daemon [_thread_blocked, id=21028, stack(0x00000009e6200000,0x00000009e6300000)]
  0x00000202e1088db0 JavaThread "ForkJoinPool.commonPool-worker-1" daemon [_thread_blocked, id=2868, stack(0x00000009e6500000,0x00000009e6600000)]
  0x00000202e15c9a10 JavaThread "HttpClient-1-SelectorManager" daemon [_thread_in_native, id=12012, stack(0x00000009e6a00000,0x00000009e6b00000)]
  0x00000202e158d1d0 JavaThread "External Process Output Forwarder - D:\Uni\Semester 6\Testing\Selenium Files\chromedriver-win64\chromedriver-win64\chromedriver.exe" daemon [_thread_in_native, id=548, stack(0x00000009e6b00000,0x00000009e6c00000)]
  0x00000202e16bfcc0 JavaThread "Driver Service Executor" daemon [_thread_blocked, id=11284, stack(0x00000009e6c00000,0x00000009e6d00000)]
  0x00000202e16c1620 JavaThread "Driver Service Executor" daemon [_thread_in_native, id=20724, stack(0x00000009e6d00000,0x00000009e6e00000)]
  0x00000202e16b54a0 JavaThread "UrlChecker-2" daemon [_thread_blocked, id=1588, stack(0x00000009e6e00000,0x00000009e6f00000)]
  0x00000202e0b459c0 JavaThread "Keep-Alive-Timer" daemon [_thread_blocked, id=17768, stack(0x00000009e6400000,0x00000009e6500000)]

Other Threads:
  0x00000202dfde8760 VMThread "VM Thread" [stack: 0x00000009e5600000,0x00000009e5700000] [id=14028]
  0x00000202e0a007c0 WatcherThread [stack: 0x00000009e6300000,0x00000009e6400000] [id=16476]
  0x00000202bd75b2b0 GCTaskThread "GC Thread#0" [stack: 0x00000009e5100000,0x00000009e5200000] [id=14452]
  0x00000202e112afd0 GCTaskThread "GC Thread#1" [stack: 0x00000009e6600000,0x00000009e6700000] [id=19560]
  0x00000202e12ba8a0 GCTaskThread "GC Thread#2" [stack: 0x00000009e6700000,0x00000009e6800000] [id=6624]
  0x00000202e12bab50 GCTaskThread "GC Thread#3" [stack: 0x00000009e6800000,0x00000009e6900000] [id=3088]
  0x00000202bd76c030 ConcurrentGCThread "G1 Main Marker" [stack: 0x00000009e5200000,0x00000009e5300000] [id=13084]
  0x00000202bd76ca40 ConcurrentGCThread "G1 Conc#0" [stack: 0x00000009e5300000,0x00000009e5400000] [id=11388]
  0x00000202bd7aea70 ConcurrentGCThread "G1 Refine#0" [stack: 0x00000009e5400000,0x00000009e5500000] [id=1904]
  0x00000202e12da470 ConcurrentGCThread "G1 Refine#1" [stack: 0x00000009e6900000,0x00000009e6a00000] [id=20368]
  0x00000202dfca2620 ConcurrentGCThread "G1 Service" [stack: 0x00000009e5500000,0x00000009e5600000] [id=13588]

Threads with active compile tasks:
C2 CompilerThread0     2175 1362       4       jdk.internal.org.objectweb.asm.SymbolTable::addConstantUtf8 (98 bytes)

VM state: not at safepoint (normal execution)

VM Mutex/Monitor currently owned by a thread: None

Heap address: 0x0000000701c00000, size: 4068 MB, Compressed Oops mode: Zero based, Oop shift amount: 3

CDS archive(s) mapped at: [0x0000000800000000-0x0000000800bc0000-0x0000000800bc0000), size 12320768, SharedBaseAddress: 0x0000000800000000, ArchiveRelocationMode: 0.
Compressed class space mapped at: 0x0000000800c00000-0x0000000840c00000, reserved size: 1073741824
Narrow klass base: 0x0000000800000000, Narrow klass shift: 0, Narrow klass range: 0x100000000

GC Precious Log:
 CPUs: 4 total, 4 available
 Memory: 16264M
 Large Page Support: Disabled
 NUMA Support: Disabled
 Compressed Oops: Enabled (Zero based)
 Heap Region Size: 2M
 Heap Min Capacity: 8M
 Heap Initial Capacity: 256M
 Heap Max Capacity: 4068M
 Pre-touch: Disabled
 Parallel Workers: 4
 Concurrent Workers: 1
 Concurrent Refinement Workers: 4
 Periodic GC: Disabled

Heap:
 garbage-first heap   total 262144K, used 8700K [0x0000000701c00000, 0x0000000800000000)
  region size 2048K, 3 young (6144K), 1 survivors (2048K)
 Metaspace       used 9621K, committed 9856K, reserved 1064960K
  class space    used 1146K, committed 1280K, reserved 1048576K

Heap Regions: E=young(eden), S=young(survivor), O=old, HS=humongous(starts), HC=humongous(continues), CS=collection set, F=free, OA=open archive, CA=closed archive, TAMS=top-at-mark-start (previous, next)
|   0|0x0000000701c00000, 0x0000000701e00000, 0x0000000701e00000|100%| O|  |TAMS 0x0000000701c00000, 0x0000000701c00000| Untracked 
|   1|0x0000000701e00000, 0x0000000702000000, 0x0000000702000000|100%| O|  |TAMS 0x0000000701e00000, 0x0000000701e00000| Untracked 
|   2|0x0000000702000000, 0x000000070207f200, 0x0000000702200000| 24%| O|  |TAMS 0x0000000702000000, 0x0000000702000000| Untracked 
|   3|0x0000000702200000, 0x0000000702200000, 0x0000000702400000|  0%| F|  |TAMS 0x0000000702200000, 0x0000000702200000| Untracked 
|   4|0x0000000702400000, 0x0000000702400000, 0x0000000702600000|  0%| F|  |TAMS 0x0000000702400000, 0x0000000702400000| Untracked 
|   5|0x0000000702600000, 0x0000000702600000, 0x0000000702800000|  0%| F|  |TAMS 0x0000000702600000, 0x0000000702600000| Untracked 
|   6|0x0000000702800000, 0x0000000702800000, 0x0000000702a00000|  0%| F|  |TAMS 0x0000000702800000, 0x0000000702800000| Untracked 
|   7|0x0000000702a00000, 0x0000000702a00000, 0x0000000702c00000|  0%| F|  |TAMS 0x0000000702a00000, 0x0000000702a00000| Untracked 
|   8|0x0000000702c00000, 0x0000000702c00000, 0x0000000702e00000|  0%| F|  |TAMS 0x0000000702c00000, 0x0000000702c00000| Untracked 
|   9|0x0000000702e00000, 0x0000000702e00000, 0x0000000703000000|  0%| F|  |TAMS 0x0000000702e00000, 0x0000000702e00000| Untracked 
|  10|0x0000000703000000, 0x0000000703000000, 0x0000000703200000|  0%| F|  |TAMS 0x0000000703000000, 0x0000000703000000| Untracked 
|  11|0x0000000703200000, 0x0000000703200000, 0x0000000703400000|  0%| F|  |TAMS 0x0000000703200000, 0x0000000703200000| Untracked 
|  12|0x0000000703400000, 0x0000000703400000, 0x0000000703600000|  0%| F|  |TAMS 0x0000000703400000, 0x0000000703400000| Untracked 
|  13|0x0000000703600000, 0x0000000703600000, 0x0000000703800000|  0%| F|  |TAMS 0x0000000703600000, 0x0000000703600000| Untracked 
|  14|0x0000000703800000, 0x0000000703800000, 0x0000000703a00000|  0%| F|  |TAMS 0x0000000703800000, 0x0000000703800000| Untracked 
|  15|0x0000000703a00000, 0x0000000703a00000, 0x0000000703c00000|  0%| F|  |TAMS 0x0000000703a00000, 0x0000000703a00000| Untracked 
|  16|0x0000000703c00000, 0x0000000703c00000, 0x0000000703e00000|  0%| F|  |TAMS 0x0000000703c00000, 0x0000000703c00000| Untracked 
|  17|0x0000000703e00000, 0x0000000703e00000, 0x0000000704000000|  0%| F|  |TAMS 0x0000000703e00000, 0x0000000703e00000| Untracked 
|  18|0x0000000704000000, 0x0000000704000000, 0x0000000704200000|  0%| F|  |TAMS 0x0000000704000000, 0x0000000704000000| Untracked 
|  19|0x0000000704200000, 0x0000000704200000, 0x0000000704400000|  0%| F|  |TAMS 0x0000000704200000, 0x0000000704200000| Untracked 
|  20|0x0000000704400000, 0x0000000704400000, 0x0000000704600000|  0%| F|  |TAMS 0x0000000704400000, 0x0000000704400000| Untracked 
|  21|0x0000000704600000, 0x0000000704600000, 0x0000000704800000|  0%| F|  |TAMS 0x0000000704600000, 0x0000000704600000| Untracked 
|  22|0x0000000704800000, 0x0000000704800000, 0x0000000704a00000|  0%| F|  |TAMS 0x0000000704800000, 0x0000000704800000| Untracked 
|  23|0x0000000704a00000, 0x0000000704a00000, 0x0000000704c00000|  0%| F|  |TAMS 0x0000000704a00000, 0x0000000704a00000| Untracked 
|  24|0x0000000704c00000, 0x0000000704c00000, 0x0000000704e00000|  0%| F|  |TAMS 0x0000000704c00000, 0x0000000704c00000| Untracked 
|  25|0x0000000704e00000, 0x0000000704e00000, 0x0000000705000000|  0%| F|  |TAMS 0x0000000704e00000, 0x0000000704e00000| Untracked 
|  26|0x0000000705000000, 0x0000000705000000, 0x0000000705200000|  0%| F|  |TAMS 0x0000000705000000, 0x0000000705000000| Untracked 
|  27|0x0000000705200000, 0x0000000705200000, 0x0000000705400000|  0%| F|  |TAMS 0x0000000705200000, 0x0000000705200000| Untracked 
|  28|0x0000000705400000, 0x0000000705400000, 0x0000000705600000|  0%| F|  |TAMS 0x0000000705400000, 0x0000000705400000| Untracked 
|  29|0x0000000705600000, 0x0000000705600000, 0x0000000705800000|  0%| F|  |TAMS 0x0000000705600000, 0x0000000705600000| Untracked 
|  30|0x0000000705800000, 0x0000000705800000, 0x0000000705a00000|  0%| F|  |TAMS 0x0000000705800000, 0x0000000705800000| Untracked 
|  31|0x0000000705a00000, 0x0000000705a00000, 0x0000000705c00000|  0%| F|  |TAMS 0x0000000705a00000, 0x0000000705a00000| Untracked 
|  32|0x0000000705c00000, 0x0000000705c00000, 0x0000000705e00000|  0%| F|  |TAMS 0x0000000705c00000, 0x0000000705c00000| Untracked 
|  33|0x0000000705e00000, 0x0000000705e00000, 0x0000000706000000|  0%| F|  |TAMS 0x0000000705e00000, 0x0000000705e00000| Untracked 
|  34|0x0000000706000000, 0x0000000706000000, 0x0000000706200000|  0%| F|  |TAMS 0x0000000706000000, 0x0000000706000000| Untracked 
|  35|0x0000000706200000, 0x0000000706200000, 0x0000000706400000|  0%| F|  |TAMS 0x0000000706200000, 0x0000000706200000| Untracked 
|  36|0x0000000706400000, 0x0000000706400000, 0x0000000706600000|  0%| F|  |TAMS 0x0000000706400000, 0x0000000706400000| Untracked 
|  37|0x0000000706600000, 0x0000000706600000, 0x0000000706800000|  0%| F|  |TAMS 0x0000000706600000, 0x0000000706600000| Untracked 
|  38|0x0000000706800000, 0x0000000706800000, 0x0000000706a00000|  0%| F|  |TAMS 0x0000000706800000, 0x0000000706800000| Untracked 
|  39|0x0000000706a00000, 0x0000000706a00000, 0x0000000706c00000|  0%| F|  |TAMS 0x0000000706a00000, 0x0000000706a00000| Untracked 
|  40|0x0000000706c00000, 0x0000000706c00000, 0x0000000706e00000|  0%| F|  |TAMS 0x0000000706c00000, 0x0000000706c00000| Untracked 
|  41|0x0000000706e00000, 0x0000000706e00000, 0x0000000707000000|  0%| F|  |TAMS 0x0000000706e00000, 0x0000000706e00000| Untracked 
|  42|0x0000000707000000, 0x0000000707000000, 0x0000000707200000|  0%| F|  |TAMS 0x0000000707000000, 0x0000000707000000| Untracked 
|  43|0x0000000707200000, 0x0000000707200000, 0x0000000707400000|  0%| F|  |TAMS 0x0000000707200000, 0x0000000707200000| Untracked 
|  44|0x0000000707400000, 0x0000000707400000, 0x0000000707600000|  0%| F|  |TAMS 0x0000000707400000, 0x0000000707400000| Untracked 
|  45|0x0000000707600000, 0x0000000707600000, 0x0000000707800000|  0%| F|  |TAMS 0x0000000707600000, 0x0000000707600000| Untracked 
|  46|0x0000000707800000, 0x0000000707800000, 0x0000000707a00000|  0%| F|  |TAMS 0x0000000707800000, 0x0000000707800000| Untracked 
|  47|0x0000000707a00000, 0x0000000707a00000, 0x0000000707c00000|  0%| F|  |TAMS 0x0000000707a00000, 0x0000000707a00000| Untracked 
|  48|0x0000000707c00000, 0x0000000707c00000, 0x0000000707e00000|  0%| F|  |TAMS 0x0000000707c00000, 0x0000000707c00000| Untracked 
|  49|0x0000000707e00000, 0x0000000707e00000, 0x0000000708000000|  0%| F|  |TAMS 0x0000000707e00000, 0x0000000707e00000| Untracked 
|  50|0x0000000708000000, 0x0000000708000000, 0x0000000708200000|  0%| F|  |TAMS 0x0000000708000000, 0x0000000708000000| Untracked 
|  51|0x0000000708200000, 0x0000000708200000, 0x0000000708400000|  0%| F|  |TAMS 0x0000000708200000, 0x0000000708200000| Untracked 
|  52|0x0000000708400000, 0x0000000708400000, 0x0000000708600000|  0%| F|  |TAMS 0x0000000708400000, 0x0000000708400000| Untracked 
|  53|0x0000000708600000, 0x0000000708600000, 0x0000000708800000|  0%| F|  |TAMS 0x0000000708600000, 0x0000000708600000| Untracked 
|  54|0x0000000708800000, 0x0000000708800000, 0x0000000708a00000|  0%| F|  |TAMS 0x0000000708800000, 0x0000000708800000| Untracked 
|  55|0x0000000708a00000, 0x0000000708a00000, 0x0000000708c00000|  0%| F|  |TAMS 0x0000000708a00000, 0x0000000708a00000| Untracked 
|  56|0x0000000708c00000, 0x0000000708c00000, 0x0000000708e00000|  0%| F|  |TAMS 0x0000000708c00000, 0x0000000708c00000| Untracked 
|  57|0x0000000708e00000, 0x0000000708e00000, 0x0000000709000000|  0%| F|  |TAMS 0x0000000708e00000, 0x0000000708e00000| Untracked 
|  58|0x0000000709000000, 0x0000000709000000, 0x0000000709200000|  0%| F|  |TAMS 0x0000000709000000, 0x0000000709000000| Untracked 
|  59|0x0000000709200000, 0x0000000709200000, 0x0000000709400000|  0%| F|  |TAMS 0x0000000709200000, 0x0000000709200000| Untracked 
|  60|0x0000000709400000, 0x0000000709400000, 0x0000000709600000|  0%| F|  |TAMS 0x0000000709400000, 0x0000000709400000| Untracked 
|  61|0x0000000709600000, 0x0000000709600000, 0x0000000709800000|  0%| F|  |TAMS 0x0000000709600000, 0x0000000709600000| Untracked 
|  62|0x0000000709800000, 0x0000000709800000, 0x0000000709a00000|  0%| F|  |TAMS 0x0000000709800000, 0x0000000709800000| Untracked 
|  63|0x0000000709a00000, 0x0000000709a00000, 0x0000000709c00000|  0%| F|  |TAMS 0x0000000709a00000, 0x0000000709a00000| Untracked 
|  64|0x0000000709c00000, 0x0000000709c00000, 0x0000000709e00000|  0%| F|  |TAMS 0x0000000709c00000, 0x0000000709c00000| Untracked 
|  65|0x0000000709e00000, 0x0000000709e00000, 0x000000070a000000|  0%| F|  |TAMS 0x0000000709e00000, 0x0000000709e00000| Untracked 
|  66|0x000000070a000000, 0x000000070a000000, 0x000000070a200000|  0%| F|  |TAMS 0x000000070a000000, 0x000000070a000000| Untracked 
|  67|0x000000070a200000, 0x000000070a200000, 0x000000070a400000|  0%| F|  |TAMS 0x000000070a200000, 0x000000070a200000| Untracked 
|  68|0x000000070a400000, 0x000000070a400000, 0x000000070a600000|  0%| F|  |TAMS 0x000000070a400000, 0x000000070a400000| Untracked 
|  69|0x000000070a600000, 0x000000070a600000, 0x000000070a800000|  0%| F|  |TAMS 0x000000070a600000, 0x000000070a600000| Untracked 
|  70|0x000000070a800000, 0x000000070a800000, 0x000000070aa00000|  0%| F|  |TAMS 0x000000070a800000, 0x000000070a800000| Untracked 
|  71|0x000000070aa00000, 0x000000070aa00000, 0x000000070ac00000|  0%| F|  |TAMS 0x000000070aa00000, 0x000000070aa00000| Untracked 
|  72|0x000000070ac00000, 0x000000070ac00000, 0x000000070ae00000|  0%| F|  |TAMS 0x000000070ac00000, 0x000000070ac00000| Untracked 
|  73|0x000000070ae00000, 0x000000070ae00000, 0x000000070b000000|  0%| F|  |TAMS 0x000000070ae00000, 0x000000070ae00000| Untracked 
|  74|0x000000070b000000, 0x000000070b000000, 0x000000070b200000|  0%| F|  |TAMS 0x000000070b000000, 0x000000070b000000| Untracked 
|  75|0x000000070b200000, 0x000000070b200000, 0x000000070b400000|  0%| F|  |TAMS 0x000000070b200000, 0x000000070b200000| Untracked 
|  76|0x000000070b400000, 0x000000070b400000, 0x000000070b600000|  0%| F|  |TAMS 0x000000070b400000, 0x000000070b400000| Untracked 
|  77|0x000000070b600000, 0x000000070b600000, 0x000000070b800000|  0%| F|  |TAMS 0x000000070b600000, 0x000000070b600000| Untracked 
|  78|0x000000070b800000, 0x000000070b800000, 0x000000070ba00000|  0%| F|  |TAMS 0x000000070b800000, 0x000000070b800000| Untracked 
|  79|0x000000070ba00000, 0x000000070ba00000, 0x000000070bc00000|  0%| F|  |TAMS 0x000000070ba00000, 0x000000070ba00000| Untracked 
|  80|0x000000070bc00000, 0x000000070bc00000, 0x000000070be00000|  0%| F|  |TAMS 0x000000070bc00000, 0x000000070bc00000| Untracked 
|  81|0x000000070be00000, 0x000000070be00000, 0x000000070c000000|  0%| F|  |TAMS 0x000000070be00000, 0x000000070be00000| Untracked 
|  82|0x000000070c000000, 0x000000070c000000, 0x000000070c200000|  0%| F|  |TAMS 0x000000070c000000, 0x000000070c000000| Untracked 
|  83|0x000000070c200000, 0x000000070c200000, 0x000000070c400000|  0%| F|  |TAMS 0x000000070c200000, 0x000000070c200000| Untracked 
|  84|0x000000070c400000, 0x000000070c400000, 0x000000070c600000|  0%| F|  |TAMS 0x000000070c400000, 0x000000070c400000| Untracked 
|  85|0x000000070c600000, 0x000000070c600000, 0x000000070c800000|  0%| F|  |TAMS 0x000000070c600000, 0x000000070c600000| Untracked 
|  86|0x000000070c800000, 0x000000070c800000, 0x000000070ca00000|  0%| F|  |TAMS 0x000000070c800000, 0x000000070c800000| Untracked 
|  87|0x000000070ca00000, 0x000000070ca00000, 0x000000070cc00000|  0%| F|  |TAMS 0x000000070ca00000, 0x000000070ca00000| Untracked 
|  88|0x000000070cc00000, 0x000000070cc00000, 0x000000070ce00000|  0%| F|  |TAMS 0x000000070cc00000, 0x000000070cc00000| Untracked 
|  89|0x000000070ce00000, 0x000000070ce00000, 0x000000070d000000|  0%| F|  |TAMS 0x000000070ce00000, 0x000000070ce00000| Untracked 
|  90|0x000000070d000000, 0x000000070d000000, 0x000000070d200000|  0%| F|  |TAMS 0x000000070d000000, 0x000000070d000000| Untracked 
|  91|0x000000070d200000, 0x000000070d200000, 0x000000070d400000|  0%| F|  |TAMS 0x000000070d200000, 0x000000070d200000| Untracked 
|  92|0x000000070d400000, 0x000000070d400000, 0x000000070d600000|  0%| F|  |TAMS 0x000000070d400000, 0x000000070d400000| Untracked 
|  93|0x000000070d600000, 0x000000070d600000, 0x000000070d800000|  0%| F|  |TAMS 0x000000070d600000, 0x000000070d600000| Untracked 
|  94|0x000000070d800000, 0x000000070d800000, 0x000000070da00000|  0%| F|  |TAMS 0x000000070d800000, 0x000000070d800000| Untracked 
|  95|0x000000070da00000, 0x000000070da00000, 0x000000070dc00000|  0%| F|  |TAMS 0x000000070da00000, 0x000000070da00000| Untracked 
|  96|0x000000070dc00000, 0x000000070dc00000, 0x000000070de00000|  0%| F|  |TAMS 0x000000070dc00000, 0x000000070dc00000| Untracked 
|  97|0x000000070de00000, 0x000000070de00000, 0x000000070e000000|  0%| F|  |TAMS 0x000000070de00000, 0x000000070de00000| Untracked 
|  98|0x000000070e000000, 0x000000070e000000, 0x000000070e200000|  0%| F|  |TAMS 0x000000070e000000, 0x000000070e000000| Untracked 
|  99|0x000000070e200000, 0x000000070e200000, 0x000000070e400000|  0%| F|  |TAMS 0x000000070e200000, 0x000000070e200000| Untracked 
| 100|0x000000070e400000, 0x000000070e400000, 0x000000070e600000|  0%| F|  |TAMS 0x000000070e400000, 0x000000070e400000| Untracked 
| 101|0x000000070e600000, 0x000000070e600000, 0x000000070e800000|  0%| F|  |TAMS 0x000000070e600000, 0x000000070e600000| Untracked 
| 102|0x000000070e800000, 0x000000070e800000, 0x000000070ea00000|  0%| F|  |TAMS 0x000000070e800000, 0x000000070e800000| Untracked 
| 103|0x000000070ea00000, 0x000000070ea00000, 0x000000070ec00000|  0%| F|  |TAMS 0x000000070ea00000, 0x000000070ea00000| Untracked 
| 104|0x000000070ec00000, 0x000000070ec00000, 0x000000070ee00000|  0%| F|  |TAMS 0x000000070ec00000, 0x000000070ec00000| Untracked 
| 105|0x000000070ee00000, 0x000000070ee00000, 0x000000070f000000|  0%| F|  |TAMS 0x000000070ee00000, 0x000000070ee00000| Untracked 
| 106|0x000000070f000000, 0x000000070f000000, 0x000000070f200000|  0%| F|  |TAMS 0x000000070f000000, 0x000000070f000000| Untracked 
| 107|0x000000070f200000, 0x000000070f200000, 0x000000070f400000|  0%| F|  |TAMS 0x000000070f200000, 0x000000070f200000| Untracked 
| 108|0x000000070f400000, 0x000000070f400000, 0x000000070f600000|  0%| F|  |TAMS 0x000000070f400000, 0x000000070f400000| Untracked 
| 109|0x000000070f600000, 0x000000070f600000, 0x000000070f800000|  0%| F|  |TAMS 0x000000070f600000, 0x000000070f600000| Untracked 
| 110|0x000000070f800000, 0x000000070f800000, 0x000000070fa00000|  0%| F|  |TAMS 0x000000070f800000, 0x000000070f800000| Untracked 
| 111|0x000000070fa00000, 0x000000070fa00000, 0x000000070fc00000|  0%| F|  |TAMS 0x000000070fa00000, 0x000000070fa00000| Untracked 
| 112|0x000000070fc00000, 0x000000070fc00000, 0x000000070fe00000|  0%| F|  |TAMS 0x000000070fc00000, 0x000000070fc00000| Untracked 
| 113|0x000000070fe00000, 0x000000070fe00000, 0x0000000710000000|  0%| F|  |TAMS 0x000000070fe00000, 0x000000070fe00000| Untracked 
| 114|0x0000000710000000, 0x0000000710000000, 0x0000000710200000|  0%| F|  |TAMS 0x0000000710000000, 0x0000000710000000| Untracked 
| 115|0x0000000710200000, 0x0000000710200000, 0x0000000710400000|  0%| F|  |TAMS 0x0000000710200000, 0x0000000710200000| Untracked 
| 116|0x0000000710400000, 0x0000000710400000, 0x0000000710600000|  0%| F|  |TAMS 0x0000000710400000, 0x0000000710400000| Untracked 
| 117|0x0000000710600000, 0x0000000710600000, 0x0000000710800000|  0%| F|  |TAMS 0x0000000710600000, 0x0000000710600000| Untracked 
| 118|0x0000000710800000, 0x0000000710800000, 0x0000000710a00000|  0%| F|  |TAMS 0x0000000710800000, 0x0000000710800000| Untracked 
| 119|0x0000000710a00000, 0x0000000710a00000, 0x0000000710c00000|  0%| F|  |TAMS 0x0000000710a00000, 0x0000000710a00000| Untracked 
| 120|0x0000000710c00000, 0x0000000710c00000, 0x0000000710e00000|  0%| F|  |TAMS 0x0000000710c00000, 0x0000000710c00000| Untracked 
| 121|0x0000000710e00000, 0x0000000710e00000, 0x0000000711000000|  0%| F|  |TAMS 0x0000000710e00000, 0x0000000710e00000| Untracked 
| 122|0x0000000711000000, 0x0000000711200000, 0x0000000711200000|100%| S|CS|TAMS 0x0000000711000000, 0x0000000711000000| Complete 
| 123|0x0000000711200000, 0x0000000711200000, 0x0000000711400000|  0%| F|  |TAMS 0x0000000711200000, 0x0000000711200000| Untracked 
| 124|0x0000000711400000, 0x0000000711400000, 0x0000000711600000|  0%| F|  |TAMS 0x0000000711400000, 0x0000000711400000| Untracked 
| 125|0x0000000711600000, 0x0000000711600000, 0x0000000711800000|  0%| F|  |TAMS 0x0000000711600000, 0x0000000711600000| Untracked 
| 126|0x0000000711800000, 0x00000007118c2d00, 0x0000000711a00000| 38%| E|  |TAMS 0x0000000711800000, 0x0000000711800000| Complete 
| 127|0x0000000711a00000, 0x0000000711c00000, 0x0000000711c00000|100%| E|CS|TAMS 0x0000000711a00000, 0x0000000711a00000| Complete 

Card table byte_map: [0x00000202d49d0000,0x00000202d51d0000] _byte_map_base: 0x00000202d11c2000

Marking Bits (Prev, Next): (CMBitMap*) 0x00000202bd75b8c0, (CMBitMap*) 0x00000202bd75b900
 Prev Bits: [0x00000202d59d0000, 0x00000202d9960000)
 Next Bits: [0x00000202d9960000, 0x00000202dd8f0000)

Polling page: 0x00000202bb530000

Metaspace:

Usage:
  Non-class:      8.30 MB used.
      Class:      1.12 MB used.
       Both:      9.42 MB used.

Virtual space:
  Non-class space:       16.00 MB reserved,       8.44 MB ( 53%) committed,  2 nodes.
      Class space:        1.00 GB reserved,       1.25 MB ( <1%) committed,  1 nodes.
             Both:        1.02 GB reserved,       9.69 MB ( <1%) committed. 

Chunk freelists:
   Non-Class:  2.74 MB
       Class:  2.64 MB
        Both:  5.38 MB

MaxMetaspaceSize: unlimited
CompressedClassSpaceSize: 1.00 GB
Initial GC threshold: 21.00 MB
Current GC threshold: 21.00 MB
CDS: on
MetaspaceReclaimPolicy: balanced
 - commit_granule_bytes: 65536.
 - commit_granule_words: 8192.
 - virtual_space_node_default_size: 1048576.
 - enlarge_chunks_in_place: 1.
 - new_chunks_are_fully_committed: 0.
 - uncommit_free_chunks: 1.
 - use_allocation_guard: 0.
 - handle_deallocations: 1.


Internal statistics:

num_allocs_failed_limit: 0.
num_arena_births: 154.
num_arena_deaths: 0.
num_vsnodes_births: 3.
num_vsnodes_deaths: 0.
num_space_committed: 155.
num_space_uncommitted: 0.
num_chunks_returned_to_freelist: 0.
num_chunks_taken_from_freelist: 316.
num_chunk_merges: 0.
num_chunk_splits: 188.
num_chunks_enlarged: 118.
num_purges: 0.
num_inconsistent_stats: 0.

CodeHeap 'non-profiled nmethods': size=120000Kb used=530Kb max_used=530Kb free=119469Kb
 bounds [0x00000202ccca0000, 0x00000202ccf10000, 0x00000202d41d0000]
CodeHeap 'profiled nmethods': size=120000Kb used=2530Kb max_used=2530Kb free=117469Kb
 bounds [0x00000202c51d0000, 0x00000202c5450000, 0x00000202cc700000]
CodeHeap 'non-nmethods': size=5760Kb used=1185Kb max_used=1204Kb free=4574Kb
 bounds [0x00000202cc700000, 0x00000202cc970000, 0x00000202ccca0000]
 total_blobs=1922 nmethods=1439 adapters=396
 compilation: enabled
              stopped_count=0, restarted_count=0
 full_count=0

Compilation events (20 events):
Event: 2.076 Thread 0x00000202dfe18d10 nmethod 1355 0x00000202c5423890 code [0x00000202c5423dc0, 0x00000202c5426ad8]
Event: 2.076 Thread 0x00000202dfe18d10 1356       3       java.lang.invoke.ConstantCallSite::getTarget (20 bytes)
Event: 2.076 Thread 0x00000202dfe18d10 nmethod 1356 0x00000202c5427c90 code [0x00000202c5427e40, 0x00000202c5428048]
Event: 2.076 Thread 0x00000202dfe18d10 1357       3       java.util.stream.StreamOpFlag::fromCharacteristics (37 bytes)
Event: 2.077 Thread 0x00000202dfe18d10 nmethod 1357 0x00000202c5428110 code [0x00000202c54282c0, 0x00000202c54285f8]
Event: 2.079 Thread 0x00000202dfe18d10 1358       3       sun.reflect.generics.parser.SignatureParser::skipIdentifier (67 bytes)
Event: 2.080 Thread 0x00000202dfe18d10 nmethod 1358 0x00000202c5428710 code [0x00000202c5428920, 0x00000202c5428ec8]
Event: 2.085 Thread 0x00000202dfe18d10 1359       3       jdk.internal.org.objectweb.asm.ClassReader::<init> (371 bytes)
Event: 2.088 Thread 0x00000202dfe18d10 nmethod 1359 0x00000202c5429090 code [0x00000202c5429380, 0x00000202c542a758]
Event: 2.089 Thread 0x00000202dfe18d10 1361       3       java.lang.Module::implIsExportedOrOpen (92 bytes)
Event: 2.089 Thread 0x00000202dfe0b710 1362       4       jdk.internal.org.objectweb.asm.SymbolTable::addConstantUtf8 (98 bytes)
Event: 2.090 Thread 0x00000202dfe18d10 nmethod 1361 0x00000202c542ac90 code [0x00000202c542aec0, 0x00000202c542b5f8]
Event: 2.093 Thread 0x00000202dfe18d10 1366   !   3       java.lang.invoke.MethodHandle::setVarargs (25 bytes)
Event: 2.094 Thread 0x00000202dfe18d10 nmethod 1366 0x00000202c542b790 code [0x00000202c542b9a0, 0x00000202c542c058]
Event: 2.094 Thread 0x00000202dfe18d10 1367       3       java.lang.invoke.MemberName::isVarargs (23 bytes)
Event: 2.094 Thread 0x00000202dfe18d10 nmethod 1367 0x00000202c542c290 code [0x00000202c542c460, 0x00000202c542c8f8]
Event: 2.094 Thread 0x00000202dfe18d10 1368   !   3       java.lang.invoke.MethodHandleNatives::linkMethodHandleConstant (50 bytes)
Event: 2.095 Thread 0x00000202dfe18d10 nmethod 1368 0x00000202c542ca90 code [0x00000202c542cc60, 0x00000202c542ce48]
Event: 2.095 Thread 0x00000202dfe18d10 1370       3       sun.invoke.util.VerifyAccess::isMemberAccessible (338 bytes)
Event: 2.098 Thread 0x00000202dfe18d10 nmethod 1370 0x00000202c542d010 code [0x00000202c542d3a0, 0x00000202c542e748]

GC Heap History (4 events):
Event: 1.151 GC heap before
{Heap before GC invocations=0 (full 0):
 garbage-first heap   total 262144K, used 12288K [0x0000000701c00000, 0x0000000800000000)
  region size 2048K, 6 young (12288K), 0 survivors (0K)
 Metaspace       used 3542K, committed 3712K, reserved 1056768K
  class space    used 418K, committed 512K, reserved 1048576K
}
Event: 1.159 GC heap after
{Heap after GC invocations=1 (full 0):
 garbage-first heap   total 262144K, used 4349K [0x0000000701c00000, 0x0000000800000000)
  region size 2048K, 1 young (2048K), 1 survivors (2048K)
 Metaspace       used 3542K, committed 3712K, reserved 1056768K
  class space    used 418K, committed 512K, reserved 1048576K
}
Event: 1.934 GC heap before
{Heap before GC invocations=1 (full 0):
 garbage-first heap   total 262144K, used 12541K [0x0000000701c00000, 0x0000000800000000)
  region size 2048K, 6 young (12288K), 1 survivors (2048K)
 Metaspace       used 8823K, committed 9088K, reserved 1056768K
  class space    used 1022K, committed 1152K, reserved 1048576K
}
Event: 1.941 GC heap after
{Heap after GC invocations=2 (full 0):
 garbage-first heap   total 262144K, used 6652K [0x0000000701c00000, 0x0000000800000000)
  region size 2048K, 1 young (2048K), 1 survivors (2048K)
 Metaspace       used 8823K, committed 9088K, reserved 1056768K
  class space    used 1022K, committed 1152K, reserved 1048576K
}

Dll operation events (11 events):
Event: 0.031 Loaded shared library C:\Users\Eng-Wael\AppData\Local\Programs\Eclipse Adoptium\jdk-17.0.6.10-hotspot\bin\java.dll
Event: 0.064 Loaded shared library C:\Users\Eng-Wael\AppData\Local\Programs\Eclipse Adoptium\jdk-17.0.6.10-hotspot\bin\jsvml.dll
Event: 0.285 Loaded shared library C:\Users\Eng-Wael\AppData\Local\Programs\Eclipse Adoptium\jdk-17.0.6.10-hotspot\bin\zip.dll
Event: 0.290 Loaded shared library C:\Users\Eng-Wael\AppData\Local\Programs\Eclipse Adoptium\jdk-17.0.6.10-hotspot\bin\instrument.dll
Event: 0.304 Loaded shared library C:\Users\Eng-Wael\AppData\Local\Programs\Eclipse Adoptium\jdk-17.0.6.10-hotspot\bin\net.dll
Event: 0.308 Loaded shared library C:\Users\Eng-Wael\AppData\Local\Programs\Eclipse Adoptium\jdk-17.0.6.10-hotspot\bin\nio.dll
Event: 0.316 Loaded shared library C:\Users\Eng-Wael\AppData\Local\Programs\Eclipse Adoptium\jdk-17.0.6.10-hotspot\bin\zip.dll
Event: 0.324 Loaded shared library C:\Program Files\JetBrains\IntelliJ IDEA 2023.2.3\bin\breakgen64.dll
Event: 0.480 Loaded shared library C:\Users\Eng-Wael\AppData\Local\Programs\Eclipse Adoptium\jdk-17.0.6.10-hotspot\bin\verify.dll
Event: 0.887 Loaded shared library C:\Users\Eng-Wael\AppData\Local\Programs\Eclipse Adoptium\jdk-17.0.6.10-hotspot\bin\jimage.dll
Event: 1.753 Loaded shared library C:\Users\Eng-Wael\AppData\Local\Programs\Eclipse Adoptium\jdk-17.0.6.10-hotspot\bin\sunmscapi.dll

Deoptimization events (20 events):
Event: 1.397 Thread 0x00000202bd6f1350 Uncommon trap: trap_request=0xffffff45 fr.pc=0x00000202ccce13e4 relative=0x0000000000000244
Event: 1.397 Thread 0x00000202bd6f1350 Uncommon trap: reason=unstable_if action=reinterpret pc=0x00000202ccce13e4 method=java.util.StringTokenizer.scanToken(I)I @ 42 c2
Event: 1.397 Thread 0x00000202bd6f1350 DEOPT PACKING pc=0x00000202ccce13e4 sp=0x00000009e50faa50
Event: 1.397 Thread 0x00000202bd6f1350 DEOPT UNPACKING pc=0x00000202cc7569a3 sp=0x00000009e50fa9e0 mode 2
Event: 1.527 Thread 0x00000202bd6f1350 DEOPT PACKING pc=0x00000202c539cdbe sp=0x00000009e50fb500
Event: 1.527 Thread 0x00000202bd6f1350 DEOPT UNPACKING pc=0x00000202cc757143 sp=0x00000009e50fa980 mode 0
Event: 1.529 Thread 0x00000202bd6f1350 DEOPT PACKING pc=0x00000202c539cdbe sp=0x00000009e50fb500
Event: 1.529 Thread 0x00000202bd6f1350 DEOPT UNPACKING pc=0x00000202cc757143 sp=0x00000009e50fa980 mode 0
Event: 1.532 Thread 0x00000202bd6f1350 DEOPT PACKING pc=0x00000202c539cdbe sp=0x00000009e50fb530
Event: 1.532 Thread 0x00000202bd6f1350 DEOPT UNPACKING pc=0x00000202cc757143 sp=0x00000009e50fa9b0 mode 0
Event: 1.534 Thread 0x00000202bd6f1350 DEOPT PACKING pc=0x00000202c539cdbe sp=0x00000009e50fb500
Event: 1.534 Thread 0x00000202bd6f1350 DEOPT UNPACKING pc=0x00000202cc757143 sp=0x00000009e50fa980 mode 0
Event: 1.849 Thread 0x00000202bd6f1350 DEOPT PACKING pc=0x00000202c52d5165 sp=0x00000009e50f8e30
Event: 1.849 Thread 0x00000202bd6f1350 DEOPT UNPACKING pc=0x00000202cc757143 sp=0x00000009e50f8280 mode 0
Event: 1.864 Thread 0x00000202bd6f1350 DEOPT PACKING pc=0x00000202c52d5165 sp=0x00000009e50fc190
Event: 1.864 Thread 0x00000202bd6f1350 DEOPT UNPACKING pc=0x00000202cc757143 sp=0x00000009e50fb5e0 mode 0
Event: 2.061 Thread 0x00000202e16b54a0 Uncommon trap: trap_request=0xffffffc6 fr.pc=0x00000202ccd18bbc relative=0x000000000000127c
Event: 2.061 Thread 0x00000202e16b54a0 Uncommon trap: reason=bimorphic_or_optimized_type_check action=maybe_recompile pc=0x00000202ccd18bbc method=java.util.HashMap.putVal(ILjava/lang/Object;Ljava/lang/Object;ZZ)Ljava/lang/Object; @ 56 c2
Event: 2.062 Thread 0x00000202e16b54a0 DEOPT PACKING pc=0x00000202ccd18bbc sp=0x00000009e6efec90
Event: 2.062 Thread 0x00000202e16b54a0 DEOPT UNPACKING pc=0x00000202cc7569a3 sp=0x00000009e6efebc0 mode 2

Classes unloaded (0 events):
No events

Classes redefined (0 events):
No events

Internal exceptions (20 events):
Event: 1.888 Thread 0x00000202bd6f1350 Exception <a 'java/lang/NoSuchMethodError'{0x000000071135f750}: 'void java.lang.invoke.DirectMethodHandle$Holder.invokeInterface(java.lang.Object, java.lang.Object, java.lang.Object)'> (0x000000071135f750) 
thrown [s\src\hotspot\share\interpreter\linkResolver.cpp, line 759]
Event: 1.896 Thread 0x00000202bd6f1350 Exception <a 'java/lang/NoSuchMethodError'{0x0000000711373848}: 'java.lang.Object java.lang.invoke.DirectMethodHandle$Holder.invokeInterface(java.lang.Object, java.lang.Object, java.lang.Object)'> (0x0000000711373848) 
thrown [s\src\hotspot\share\interpreter\linkResolver.cpp, line 759]
Event: 1.896 Thread 0x00000202bd6f1350 Exception <a 'java/lang/IncompatibleClassChangeError'{0x00000007113773b0}: Found class java.lang.Object, but interface was expected> (0x00000007113773b0) 
thrown [s\src\hotspot\share\interpreter\linkResolver.cpp, line 826]
Event: 1.899 Thread 0x00000202bd6f1350 Exception <a 'java/lang/NoSuchMethodError'{0x000000071137f8d8}: 'int java.lang.invoke.DirectMethodHandle$Holder.invokeSpecialIFC(java.lang.Object, java.lang.Object, java.lang.Object, java.lang.Object)'> (0x000000071137f8d8) 
thrown [s\src\hotspot\share\interpreter\linkResolver.cpp, line 759]
Event: 1.912 Thread 0x00000202bd6f1350 Exception <a 'java/lang/NoSuchMethodError'{0x00000007113b9388}: 'java.lang.Object java.lang.invoke.DirectMethodHandle$Holder.invokeVirtual(java.lang.Object, java.lang.Object, java.lang.Object, java.lang.Object)'> (0x00000007113b9388) 
thrown [s\src\hotspot\share\interpreter\linkResolver.cpp, line 759]
Event: 1.925 Thread 0x00000202bd6f1350 Exception <a 'java/lang/NoSuchMethodError'{0x00000007113c1328}: 'void java.lang.invoke.DirectMethodHandle$Holder.invokeStatic(java.lang.Object, long)'> (0x00000007113c1328) 
thrown [s\src\hotspot\share\interpreter\linkResolver.cpp, line 759]
Event: 1.926 Thread 0x00000202bd6f1350 Exception <a 'java/lang/NoSuchMethodError'{0x00000007113c6978}: 'java.lang.Object java.lang.invoke.DirectMethodHandle$Holder.newInvokeSpecial(java.lang.Object, long)'> (0x00000007113c6978) 
thrown [s\src\hotspot\share\interpreter\linkResolver.cpp, line 759]
Event: 1.929 Thread 0x00000202bd6f1350 Exception <a 'java/lang/NoSuchMethodError'{0x00000007113d0988}: 'java.lang.Object java.lang.invoke.DirectMethodHandle$Holder.invokeStaticInit(java.lang.Object, java.lang.Object, long, java.lang.Object)'> (0x00000007113d0988) 
thrown [s\src\hotspot\share\interpreter\linkResolver.cpp, line 759]
Event: 1.930 Thread 0x00000202bd6f1350 Exception <a 'java/lang/NoSuchMethodError'{0x00000007113d6cb8}: 'java.lang.Object java.lang.invoke.DirectMethodHandle$Holder.newInvokeSpecial(java.lang.Object, java.lang.Object, long)'> (0x00000007113d6cb8) 
thrown [s\src\hotspot\share\interpreter\linkResolver.cpp, line 759]
Event: 1.931 Thread 0x00000202bd6f1350 Exception <a 'java/lang/NoSuchMethodError'{0x00000007113daad0}: 'java.lang.Object java.lang.invoke.Invokers$Holder.linkToTargetMethod(java.lang.Object, long, java.lang.Object)'> (0x00000007113daad0) 
thrown [s\src\hotspot\share\interpreter\linkResolver.cpp, line 759]
Event: 1.959 Thread 0x00000202e16b54a0 Exception <a 'java/net/ConnectException'{0x0000000711ac9740}: Connection refused: no further information> (0x0000000711ac9740) 
thrown [s\src\hotspot\share\prims\jni.cpp, line 535]
Event: 1.959 Thread 0x00000202e16b54a0 Exception <a 'java/net/SocketException'{0x0000000711ac9a78}: Socket is not connected: shutdown> (0x0000000711ac9a78) 
thrown [s\src\hotspot\share\prims\jni.cpp, line 535]
Event: 1.977 Thread 0x00000202e16b54a0 Exception <a 'java/net/ConnectException'{0x0000000711aca9f0}: Connection refused: no further information> (0x0000000711aca9f0) 
thrown [s\src\hotspot\share\prims\jni.cpp, line 535]
Event: 1.977 Thread 0x00000202e16b54a0 Exception <a 'java/net/SocketException'{0x0000000711acad28}: Socket is not connected: shutdown> (0x0000000711acad28) 
thrown [s\src\hotspot\share\prims\jni.cpp, line 535]
Event: 2.004 Thread 0x00000202e16b54a0 Exception <a 'java/net/ConnectException'{0x0000000711acbbd0}: Connection refused: no further information> (0x0000000711acbbd0) 
thrown [s\src\hotspot\share\prims\jni.cpp, line 535]
Event: 2.004 Thread 0x00000202e16b54a0 Exception <a 'java/net/SocketException'{0x0000000711acbf08}: Socket is not connected: shutdown> (0x0000000711acbf08) 
thrown [s\src\hotspot\share\prims\jni.cpp, line 535]
Event: 2.089 Thread 0x00000202bd6f1350 Exception <a 'java/lang/NoSuchMethodError'{0x0000000711b080d0}: 'int java.lang.invoke.DirectMethodHandle$Holder.invokeVirtual(java.lang.Object, java.lang.Object)'> (0x0000000711b080d0) 
thrown [s\src\hotspot\share\interpreter\linkResolver.cpp, line 759]
Event: 2.091 Thread 0x00000202bd6f1350 Exception <a 'java/lang/NoSuchMethodError'{0x0000000711b0e5b8}: 'double java.lang.invoke.DirectMethodHandle$Holder.invokeVirtual(java.lang.Object, java.lang.Object)'> (0x0000000711b0e5b8) 
thrown [s\src\hotspot\share\interpreter\linkResolver.cpp, line 759]
Event: 2.092 Thread 0x00000202bd6f1350 Exception <a 'java/lang/NoSuchMethodError'{0x0000000711b14d60}: 'float java.lang.invoke.DirectMethodHandle$Holder.invokeVirtual(java.lang.Object, java.lang.Object)'> (0x0000000711b14d60) 
thrown [s\src\hotspot\share\interpreter\linkResolver.cpp, line 759]
Event: 2.094 Thread 0x00000202bd6f1350 Exception <a 'java/lang/NoSuchMethodError'{0x0000000711b1ddf8}: 'long java.lang.invoke.DirectMethodHandle$Holder.invokeVirtual(java.lang.Object, java.lang.Object)'> (0x0000000711b1ddf8) 
thrown [s\src\hotspot\share\interpreter\linkResolver.cpp, line 759]

VM Operations (20 events):
Event: 1.078 Executing VM operation: HandshakeAllThreads
Event: 1.078 Executing VM operation: HandshakeAllThreads done
Event: 1.078 Executing VM operation: Cleanup
Event: 1.078 Executing VM operation: Cleanup done
Event: 1.078 Executing VM operation: HandshakeAllThreads
Event: 1.078 Executing VM operation: HandshakeAllThreads done
Event: 1.087 Executing VM operation: HandshakeAllThreads
Event: 1.087 Executing VM operation: HandshakeAllThreads done
Event: 1.151 Executing VM operation: G1CollectForAllocation
Event: 1.159 Executing VM operation: G1CollectForAllocation done
Event: 1.246 Executing VM operation: HandshakeAllThreads
Event: 1.246 Executing VM operation: HandshakeAllThreads done
Event: 1.718 Executing VM operation: HandshakeAllThreads
Event: 1.719 Executing VM operation: HandshakeAllThreads done
Event: 1.934 Executing VM operation: G1CollectForAllocation
Event: 1.941 Executing VM operation: G1CollectForAllocation done
Event: 2.058 Executing VM operation: HandshakeAllThreads
Event: 2.058 Executing VM operation: HandshakeAllThreads done
Event: 2.061 Executing VM operation: HandshakeAllThreads
Event: 2.061 Executing VM operation: HandshakeAllThreads done

Events (20 events):
Event: 2.078 loading class sun/reflect/generics/tree/FormalTypeParameter
Event: 2.078 loading class sun/reflect/generics/tree/FormalTypeParameter done
Event: 2.078 loading class sun/reflect/generics/tree/ClassSignature
Event: 2.078 loading class sun/reflect/generics/tree/Signature
Event: 2.078 loading class sun/reflect/generics/tree/Signature done
Event: 2.078 loading class sun/reflect/generics/tree/ClassSignature done
Event: 2.079 loading class sun/reflect/generics/reflectiveObjects/ParameterizedTypeImpl
Event: 2.079 loading class java/lang/reflect/ParameterizedType
Event: 2.079 loading class java/lang/reflect/ParameterizedType done
Event: 2.079 loading class sun/reflect/generics/reflectiveObjects/ParameterizedTypeImpl done
Event: 2.080 loading class java/lang/reflect/TypeVariable
Event: 2.080 loading class java/lang/reflect/TypeVariable done
Event: 2.080 loading class sun/reflect/generics/reflectiveObjects/TypeVariableImpl
Event: 2.080 loading class sun/reflect/generics/reflectiveObjects/LazyReflectiveObjectGenerator
Event: 2.080 loading class sun/reflect/generics/reflectiveObjects/LazyReflectiveObjectGenerator done
Event: 2.080 loading class sun/reflect/generics/reflectiveObjects/TypeVariableImpl done
Event: 2.080 loading class sun/reflect/generics/tree/TypeVariableSignature
Event: 2.081 loading class sun/reflect/generics/tree/TypeVariableSignature done
Event: 2.085 loading class java/util/RegularEnumSet$EnumSetIterator
Event: 2.086 loading class java/util/RegularEnumSet$EnumSetIterator done


Dynamic libraries:
0x00007ff7fb990000 - 0x00007ff7fb99e000 	C:\Users\Eng-Wael\AppData\Local\Programs\Eclipse Adoptium\jdk-17.0.6.10-hotspot\bin\java.exe
0x00007ffcf28b0000 - 0x00007ffcf2aa8000 	C:\Windows\SYSTEM32\ntdll.dll
0x00007ffcf0c00000 - 0x00007ffcf0cbd000 	C:\Windows\System32\KERNEL32.DLL
0x00007ffcf0260000 - 0x00007ffcf0556000 	C:\Windows\System32\KERNELBASE.dll
0x00007ffcf07e0000 - 0x00007ffcf08e0000 	C:\Windows\System32\ucrtbase.dll
0x00007ffce52d0000 - 0x00007ffce52e9000 	C:\Users\Eng-Wael\AppData\Local\Programs\Eclipse Adoptium\jdk-17.0.6.10-hotspot\bin\VCRUNTIME140.dll
0x00007ffce8480000 - 0x00007ffce8497000 	C:\Users\Eng-Wael\AppData\Local\Programs\Eclipse Adoptium\jdk-17.0.6.10-hotspot\bin\jli.dll
0x00007ffcf0930000 - 0x00007ffcf0acf000 	C:\Windows\System32\USER32.dll
0x00007ffcf0230000 - 0x00007ffcf0252000 	C:\Windows\System32\win32u.dll
0x00007ffcd80a0000 - 0x00007ffcd833a000 	C:\Windows\WinSxS\amd64_microsoft.windows.common-controls_6595b64144ccf1df_6.0.19041.3636_none_60b6a03d71f818d5\COMCTL32.dll
0x00007ffcf2770000 - 0x00007ffcf279b000 	C:\Windows\System32\GDI32.dll
0x00007ffcf0cd0000 - 0x00007ffcf0d6e000 	C:\Windows\System32\msvcrt.dll
0x00007ffceffb0000 - 0x00007ffcf00c7000 	C:\Windows\System32\gdi32full.dll
0x00007ffcf05f0000 - 0x00007ffcf068d000 	C:\Windows\System32\msvcp_win.dll
0x00007ffcf08f0000 - 0x00007ffcf0922000 	C:\Windows\System32\IMM32.DLL
0x00007ffce6960000 - 0x00007ffce696c000 	C:\Users\Eng-Wael\AppData\Local\Programs\Eclipse Adoptium\jdk-17.0.6.10-hotspot\bin\vcruntime140_1.dll
0x00007ffcbe9a0000 - 0x00007ffcbea31000 	C:\Users\Eng-Wael\AppData\Local\Programs\Eclipse Adoptium\jdk-17.0.6.10-hotspot\bin\msvcp140.dll
0x00007ffc78da0000 - 0x00007ffc799e7000 	C:\Users\Eng-Wael\AppData\Local\Programs\Eclipse Adoptium\jdk-17.0.6.10-hotspot\bin\server\jvm.dll
0x00007ffcf18d0000 - 0x00007ffcf1980000 	C:\Windows\System32\ADVAPI32.dll
0x00007ffcf2580000 - 0x00007ffcf2620000 	C:\Windows\System32\sechost.dll
0x00007ffcf0ad0000 - 0x00007ffcf0bf3000 	C:\Windows\System32\RPCRT4.dll
0x00007ffcf07b0000 - 0x00007ffcf07d7000 	C:\Windows\System32\bcrypt.dll
0x00007ffcc8320000 - 0x00007ffcc8347000 	C:\Windows\SYSTEM32\WINMM.dll
0x00007ffcd2be0000 - 0x00007ffcd2be9000 	C:\Windows\SYSTEM32\WSOCK32.dll
0x00007ffcf27a0000 - 0x00007ffcf280b000 	C:\Windows\System32\WS2_32.dll
0x00007ffce44b0000 - 0x00007ffce44ba000 	C:\Windows\SYSTEM32\VERSION.dll
0x00007ffcee780000 - 0x00007ffcee792000 	C:\Windows\SYSTEM32\kernel.appcore.dll
0x00007ffce52c0000 - 0x00007ffce52ca000 	C:\Users\Eng-Wael\AppData\Local\Programs\Eclipse Adoptium\jdk-17.0.6.10-hotspot\bin\jimage.dll
0x00007ffceddc0000 - 0x00007ffcedfa4000 	C:\Windows\SYSTEM32\DBGHELP.DLL
0x00007ffccacb0000 - 0x00007ffccace4000 	C:\Windows\SYSTEM32\dbgcore.DLL
0x00007ffcf0560000 - 0x00007ffcf05e2000 	C:\Windows\System32\bcryptPrimitives.dll
0x00007ffce52b0000 - 0x00007ffce52be000 	C:\Users\Eng-Wael\AppData\Local\Programs\Eclipse Adoptium\jdk-17.0.6.10-hotspot\bin\instrument.dll
0x00007ffce4e40000 - 0x00007ffce4e65000 	C:\Users\Eng-Wael\AppData\Local\Programs\Eclipse Adoptium\jdk-17.0.6.10-hotspot\bin\java.dll
0x00007ffca79f0000 - 0x00007ffca7ac6000 	C:\Users\Eng-Wael\AppData\Local\Programs\Eclipse Adoptium\jdk-17.0.6.10-hotspot\bin\jsvml.dll
0x00007ffcf1100000 - 0x00007ffcf186b000 	C:\Windows\System32\SHELL32.dll
0x00007ffcedfb0000 - 0x00007ffcee74e000 	C:\Windows\SYSTEM32\windows.storage.dll
0x00007ffcf1c40000 - 0x00007ffcf1f93000 	C:\Windows\System32\combase.dll
0x00007ffcef8c0000 - 0x00007ffcef8ee000 	C:\Windows\SYSTEM32\Wldp.dll
0x00007ffcf0de0000 - 0x00007ffcf0ead000 	C:\Windows\System32\OLEAUT32.dll
0x00007ffcf1980000 - 0x00007ffcf1a2d000 	C:\Windows\System32\SHCORE.dll
0x00007ffcf1be0000 - 0x00007ffcf1c35000 	C:\Windows\System32\shlwapi.dll
0x00007ffcefe90000 - 0x00007ffcefeb3000 	C:\Windows\SYSTEM32\profapi.dll
0x00007ffcc2180000 - 0x00007ffcc2198000 	C:\Users\Eng-Wael\AppData\Local\Programs\Eclipse Adoptium\jdk-17.0.6.10-hotspot\bin\zip.dll
0x00007ffcbfdd0000 - 0x00007ffcbfde9000 	C:\Users\Eng-Wael\AppData\Local\Programs\Eclipse Adoptium\jdk-17.0.6.10-hotspot\bin\net.dll
0x00007ffcdc7b0000 - 0x00007ffcdc8ba000 	C:\Windows\SYSTEM32\WINHTTP.dll
0x00007ffcef620000 - 0x00007ffcef68a000 	C:\Windows\system32\mswsock.dll
0x00007ffcbef00000 - 0x00007ffcbef15000 	C:\Users\Eng-Wael\AppData\Local\Programs\Eclipse Adoptium\jdk-17.0.6.10-hotspot\bin\nio.dll
0x00007ffcbed20000 - 0x00007ffcbed3a000 	C:\Program Files\JetBrains\IntelliJ IDEA 2023.2.3\bin\breakgen64.dll
0x00007ffce5290000 - 0x00007ffce52a0000 	C:\Users\Eng-Wael\AppData\Local\Programs\Eclipse Adoptium\jdk-17.0.6.10-hotspot\bin\verify.dll
0x00007ffcef340000 - 0x00007ffcef40b000 	C:\Windows\SYSTEM32\DNSAPI.dll
0x00007ffcef300000 - 0x00007ffcef33b000 	C:\Windows\SYSTEM32\IPHLPAPI.DLL
0x00007ffcf0cc0000 - 0x00007ffcf0cc8000 	C:\Windows\System32\NSI.dll
0x00007ffcd9dc0000 - 0x00007ffcd9dca000 	C:\Windows\System32\rasadhlp.dll
0x00007ffcd9ef0000 - 0x00007ffcd9f70000 	C:\Windows\System32\fwpuclnt.dll
0x00007ffcef810000 - 0x00007ffcef828000 	C:\Windows\SYSTEM32\CRYPTSP.dll
0x00007ffceef40000 - 0x00007ffceef74000 	C:\Windows\system32\rsaenh.dll
0x00007ffcefe10000 - 0x00007ffcefe3e000 	C:\Windows\SYSTEM32\USERENV.dll
0x00007ffcef830000 - 0x00007ffcef83c000 	C:\Windows\SYSTEM32\CRYPTBASE.dll
0x00007ffce2f30000 - 0x00007ffce2f47000 	C:\Windows\SYSTEM32\dhcpcsvc6.DLL
0x00007ffce2e60000 - 0x00007ffce2e7d000 	C:\Windows\SYSTEM32\dhcpcsvc.DLL
0x00007ffcd73a0000 - 0x00007ffcd73ae000 	C:\Users\Eng-Wael\AppData\Local\Programs\Eclipse Adoptium\jdk-17.0.6.10-hotspot\bin\sunmscapi.dll
0x00007ffcf00d0000 - 0x00007ffcf022e000 	C:\Windows\System32\CRYPT32.dll
0x00007ffcef930000 - 0x00007ffcef958000 	C:\Windows\SYSTEM32\ncrypt.dll
0x00007ffcef8f0000 - 0x00007ffcef92b000 	C:\Windows\SYSTEM32\NTASN1.dll
0x00007ffcd9d60000 - 0x00007ffcd9d67000 	C:\Windows\system32\wshunix.dll

dbghelp: loaded successfully - version: 4.0.5 - missing functions: none
symbol engine: initialized successfully - sym options: 0x614 - pdb path: .;C:\Users\Eng-Wael\AppData\Local\Programs\Eclipse Adoptium\jdk-17.0.6.10-hotspot\bin;C:\Windows\SYSTEM32;C:\Windows\WinSxS\amd64_microsoft.windows.common-controls_6595b64144ccf1df_6.0.19041.3636_none_60b6a03d71f818d5;C:\Users\Eng-Wael\AppData\Local\Programs\Eclipse Adoptium\jdk-17.0.6.10-hotspot\bin\server;C:\Program Files\JetBrains\IntelliJ IDEA 2023.2.3\bin

VM Arguments:
jvm_args: -ea -Didea.test.cyclic.buffer.size=1048576 -javaagent:C:\Program Files\JetBrains\IntelliJ IDEA 2023.2.3\lib\idea_rt.jar=60937:C:\Program Files\JetBrains\IntelliJ IDEA 2023.2.3\bin -Dfile.encoding=UTF-8 
java_command: com.intellij.rt.junit.JUnitStarter -ideVersion5 -junit4 SeleniumTest,scenario2
java_class_path (initial): C:\Program Files\JetBrains\IntelliJ IDEA 2023.2.3\lib\idea_rt.jar;C:\Program Files\JetBrains\IntelliJ IDEA 2023.2.3\plugins\junit\lib\junit5-rt.jar;C:\Program Files\JetBrains\IntelliJ IDEA 2023.2.3\plugins\junit\lib\junit-rt.jar;D:\Eclipse projects\SeleniumAssignment\out\production\SeleniumAssignment;D:\Uni\Semester 6\Testing\Selenium Files\selenium-java-4.20.0\auto-service-annotations-1.1.1.jar;D:\Uni\Semester 6\Testing\Selenium Files\selenium-java-4.20.0\byte-buddy-1.14.14-sources.jar;D:\Uni\Semester 6\Testing\Selenium Files\selenium-java-4.20.0\byte-buddy-1.14.14.jar;D:\Uni\Semester 6\Testing\Selenium Files\selenium-java-4.20.0\checker-qual-3.42.0.jar;D:\Uni\Semester 6\Testing\Selenium Files\selenium-java-4.20.0\commons-exec-1.4.0.jar;D:\Uni\Semester 6\Testing\Selenium Files\selenium-java-4.20.0\error_prone_annotations-2.26.1.jar;D:\Uni\Semester 6\Testing\Selenium Files\selenium-java-4.20.0\failsafe-3.3.2.jar;D:\Uni\Semester 6\Testing\Selenium Files\selenium-java-4.20.0\failureaccess-1.0.2.jar;D:\Uni\Semester 6\Testing\Selenium Files\selenium-java-4.20.0\guava-33.1.0-jre.jar;D:\Uni\Semester 6\Testing\Selenium Files\selenium-java-4.20.0\j2objc-annotations-3.0.0.jar;D:\Uni\Semester 6\Testing\Selenium Files\selenium-java-4.20.0\jsr305-3.0.2.jar;D:\Uni\Semester 6\Testing\Selenium Files\selenium-java-4.20.0\opentelemetry-api-1.37.0.jar;D:\Uni\Semester 6\Testing\Selenium Files\selenium-java-4.20.0\opentelemetry-api-incubator-1.37.0-alpha.jar;D:\Uni\Semester 6\Testing\Selenium Files\selenium-java-4.20.0\opentelemetry-context-1.37.0.jar;D:\Uni\Semester 6\Testing\Selenium Files\selenium-java-4.20.0\opentelemetry-exporter-logging-1.37.0.jar;D:\Uni\Semester 6\Testing\Selenium Files\selenium-java-4.20.0\opentelemetry-sdk-1.37.0.jar;D:\Uni\Semester 6\Testing\Selenium Files\selenium-java-4.20.0\opentelemetry-sdk-common-1.37.0.jar;D:\Uni\Semester 6\Testing\Selenium Files\selenium-java-4.20.0\opentelemetry-sdk-extension-autoconfigure-1.37.0.jar;D:\Un
Launcher Type: SUN_STANDARD

[Global flags]
     intx CICompilerCount                          = 3                                         {product} {ergonomic}
     uint ConcGCThreads                            = 1                                         {product} {ergonomic}
     uint G1ConcRefinementThreads                  = 4                                         {product} {ergonomic}
   size_t G1HeapRegionSize                         = 2097152                                   {product} {ergonomic}
    uintx GCDrainStackTargetSize                   = 64                                        {product} {ergonomic}
   size_t InitialHeapSize                          = 268435456                                 {product} {ergonomic}
   size_t MarkStackSize                            = 4194304                                   {product} {ergonomic}
   size_t MaxHeapSize                              = 4265607168                                {product} {ergonomic}
   size_t MaxNewSize                               = 2558525440                                {product} {ergonomic}
   size_t MinHeapDeltaBytes                        = 2097152                                   {product} {ergonomic}
   size_t MinHeapSize                              = 8388608                                   {product} {ergonomic}
    uintx NonNMethodCodeHeapSize                   = 5832780                                {pd product} {ergonomic}
    uintx NonProfiledCodeHeapSize                  = 122912730                              {pd product} {ergonomic}
    uintx ProfiledCodeHeapSize                     = 122912730                              {pd product} {ergonomic}
    uintx ReservedCodeCacheSize                    = 251658240                              {pd product} {ergonomic}
     bool SegmentedCodeCache                       = true                                      {product} {ergonomic}
   size_t SoftMaxHeapSize                          = 4265607168                             {manageable} {ergonomic}
     bool UseCompressedClassPointers               = true                           {product lp64_product} {ergonomic}
     bool UseCompressedOops                        = true                           {product lp64_product} {ergonomic}
     bool UseG1GC                                  = true                                      {product} {ergonomic}
     bool UseLargePagesIndividualAllocation        = false                                  {pd product} {ergonomic}

Logging:
Log output configuration:
 #0: stdout all=warning uptime,level,tags
 #1: stderr all=off uptime,level,tags

Environment Variables:
JAVA_HOME=C:\Users\Eng-Wael\AppData\Local\Programs\Eclipse Adoptium\jdk-17.0.6.10-hotspot\
PATH=C:\Program Files\Common Files\Oracle\Java\javapath;C:\Program Files (x86)\Common Files\Oracle\Java\javapath;C:\Windows\system32;C:\Windows;C:\Windows\System32\Wbem;C:\Windows\System32\WindowsPowerShell\v1.0\;C:\Windows\System32\OpenSSH\;C:\Program Files (x86)\Intel\Intel(R) Management Engine Components\DAL;C:\Program Files\Intel\Intel(R) Management Engine Components\DAL;C:\Program Files\Git\cmd;D:\java\bin;C:\Program Files (x86)\Microsoft SQL Server\160\Tools\Binn\;C:\Program Files\Microsoft SQL Server\160\Tools\Binn\;C:\Program Files\Microsoft SQL Server\Client SDK\ODBC\170\Tools\Binn\;C:\Program Files\Microsoft SQL Server\160\DTS\Binn\;C:\Program Files (x86)\Microsoft SQL Server\160\DTS\Binn\;C:\Program Files\Azure Data Studio\bin;C:\Program Files\dotnet\;C:\iverilog\bin;C:\MinGW\bin;C:\Users\Eng-Wael\AppData\Local\Programs\Eclipse Adoptium\jdk-17.0.6.10-hotspot\bin;C:\Users\Eng-Wael\AppData\Local\Microsoft\WindowsApps;C:\Users\Eng-Wael\AppData\Local\atom\bin;C:\Program Files\JetBrains\PyCharm Community Edition 2021.3\bin;;C:\flutter\bin;C:\Users\Eng-Wael\AppData\Local\Programs\Microsoft VS Code\bin;C:\Program Files\Azure Data Studio\bin;C:\Users\Eng-Wael\.dotnet\tools;C:\Program Files\JetBrains\IntelliJ IDEA 2023.2.3\bin;;C:\Users\Eng-Wael\AppData\Local\GitHubDesktop\bin
USERNAME=Eng-Wael
OS=Windows_NT
PROCESSOR_IDENTIFIER=Intel64 Family 6 Model 78 Stepping 3, GenuineIntel
TMP=C:\Users\Eng-Wael\AppData\Local\Temp
TEMP=C:\Users\Eng-Wael\AppData\Local\Temp



---------------  S Y S T E M  ---------------

OS:
 Windows 10 , 64 bit Build 19041 (10.0.19041.3636)
OS uptime: 8 days 5:50 hours

CPU: total 4 (initial active 4) (2 cores per cpu, 2 threads per core) family 6 model 78 stepping 3 microcode 0xd6, cx8, cmov, fxsr, ht, mmx, 3dnowpref, sse, sse2, sse3, ssse3, sse4.1, sse4.2, popcnt, lzcnt, tsc, tscinvbit, avx, avx2, aes, erms, clmul, bmi1, bmi2, rtm, adx, fma, vzeroupper, clflush, clflushopt

Memory: 4k page, system-wide physical 16264M (5159M free)
TotalPageFile size 19300M (AvailPageFile size 4M)
current process WorkingSet (physical memory assigned to process): 80M, peak: 80M
current process commit charge ("private bytes"): 357M, peak: 358M

vm_info: OpenJDK 64-Bit Server VM (17.0.6+10) for windows-amd64 JRE (17.0.6+10), built on Jan 18 2023 10:08:59 by "temurin" with MS VC++ 16.7 (VS2019)

END.
