#
# There is insufficient memory for the Java Runtime Environment to continue.
# Native memory allocation (mmap) failed to map 268435456 bytes for G1 virtual space
# Possible reasons:
#   The system is out of physical RAM or swap space
#   The process is running with CompressedOops enabled, and the Java Heap may be blocking the growth of the native heap
# Possible solutions:
#   Reduce memory load on the system
#   Increase physical memory or swap space
#   Check if swap backing store is full
#   Decrease Java heap size (-Xmx/-Xms)
#   Decrease number of Java threads
#   Decrease Java thread stack sizes (-Xss)
#   Set larger code cache with -XX:ReservedCodeCacheSize=
#   JVM is running with Zero Based Compressed Oops mode in which the Java heap is
#     placed in the first 32GB address space. The Java Heap base address is the
#     maximum limit for the native heap growth. Please use -XX:HeapBaseMinAddress
#     to set the Java Heap base and to place the Java Heap above 32GB virtual address.
# This output file may be truncated or incomplete.
#
#  Out of Memory Error (os_windows.cpp:3557), pid=16680, tid=13756
#
# JRE version:  (17.0.6+10) (build )
# Java VM: OpenJDK 64-Bit Server VM (17.0.6+10, mixed mode, sharing, tiered, compressed oops, compressed class ptrs, g1 gc, windows-amd64)
# No core dump will be written. Minidumps are not enabled by default on client versions of Windows
#

---------------  S U M M A R Y ------------

Command Line: -ea -Didea.test.cyclic.buffer.size=1048576 -javaagent:C:\Program Files\JetBrains\IntelliJ IDEA 2023.2.3\lib\idea_rt.jar=61003:C:\Program Files\JetBrains\IntelliJ IDEA 2023.2.3\bin -Dfile.encoding=UTF-8 com.intellij.rt.junit.JUnitStarter -ideVersion5 -junit4 SeleniumTest,scenario2

Host: Intel(R) Core(TM) i5-6300U CPU @ 2.40GHz, 4 cores, 15G,  Windows 10 , 64 bit Build 19041 (10.0.19041.3636)
Time: Mon May 13 03:08:35 2024 Egypt Daylight Time elapsed time: 0.025445 seconds (0d 0h 0m 0s)

---------------  T H R E A D  ---------------

Current thread (0x000002c850d332f0):  JavaThread "Unknown thread" [_thread_in_vm, id=13756, stack(0x000000d0e0d00000,0x000000d0e0e00000)]

Stack: [0x000000d0e0d00000,0x000000d0e0e00000]
Native frames: (J=compiled Java code, j=interpreted, Vv=VM code, C=native code)
V  [jvm.dll+0x67741a]
V  [jvm.dll+0x834434]
V  [jvm.dll+0x835bde]
V  [jvm.dll+0x836243]
V  [jvm.dll+0x2457b5]
V  [jvm.dll+0x674329]
V  [jvm.dll+0x6689da]
V  [jvm.dll+0x30489b]
V  [jvm.dll+0x30bd96]
V  [jvm.dll+0x35b57e]
V  [jvm.dll+0x35b7af]
V  [jvm.dll+0x2db778]
V  [jvm.dll+0x2dc6e4]
V  [jvm.dll+0x806131]
V  [jvm.dll+0x369331]
V  [jvm.dll+0x7e56ac]
V  [jvm.dll+0x3eb35f]
V  [jvm.dll+0x3ecea1]
C  [jli.dll+0x5267]
C  [ucrtbase.dll+0x21bb2]
C  [KERNEL32.DLL+0x17344]
C  [ntdll.dll+0x526b1]


---------------  P R O C E S S  ---------------

Threads class SMR info:
_java_thread_list=0x00007ffc798b5fd8, length=0, elements={
}

Java Threads: ( => current thread )

Other Threads:
  0x000002c850d9d250 GCTaskThread "GC Thread#0" [stack: 0x000000d0e0e00000,0x000000d0e0f00000] [id=8508]
  0x000002c850dadfd0 ConcurrentGCThread "G1 Main Marker" [stack: 0x000000d0e0f00000,0x000000d0e1000000] [id=12968]
  0x000002c850daf180 ConcurrentGCThread "G1 Conc#0" [stack: 0x000000d0e1000000,0x000000d0e1100000] [id=12324]

[error occurred during error reporting (printing all threads), id 0xc0000005, EXCEPTION_ACCESS_VIOLATION (0xc0000005) at pc=0x00007ffc7908c1e7]

VM state: not at safepoint (not fully initialized)

VM Mutex/Monitor currently owned by a thread:  ([mutex/lock_event])
[0x000002c850d2e6b0] Heap_lock - owner thread: 0x000002c850d332f0

Heap address: 0x0000000701c00000, size: 4068 MB, Compressed Oops mode: Zero based, Oop shift amount: 3

CDS archive(s) mapped at: [0x0000000000000000-0x0000000000000000-0x0000000000000000), size 0, SharedBaseAddress: 0x0000000800000000, ArchiveRelocationMode: 0.
Narrow klass base: 0x0000000000000000, Narrow klass shift: 0, Narrow klass range: 0x0

GC Precious Log:
<Empty>

Heap:
 garbage-first heap   total 0K, used 0K [0x0000000701c00000, 0x0000000800000000)
  region size 2048K, 0 young (0K), 0 survivors (0K)

[error occurred during error reporting (printing heap information), id 0xc0000005, EXCEPTION_ACCESS_VIOLATION (0xc0000005) at pc=0x00007ffc794706f9]

GC Heap History (0 events):
No events

Dll operation events (1 events):
Event: 0.017 Loaded shared library C:\Users\Eng-Wael\AppData\Local\Programs\Eclipse Adoptium\jdk-17.0.6.10-hotspot\bin\java.dll

Deoptimization events (0 events):
No events

Classes unloaded (0 events):
No events

Classes redefined (0 events):
No events

Internal exceptions (0 events):
No events

VM Operations (0 events):
No events

Events (0 events):
No events


Dynamic libraries:
0x00007ff7fb990000 - 0x00007ff7fb99e000 	C:\Users\Eng-Wael\AppData\Local\Programs\Eclipse Adoptium\jdk-17.0.6.10-hotspot\bin\java.exe
0x00007ffcf28b0000 - 0x00007ffcf2aa8000 	C:\Windows\SYSTEM32\ntdll.dll
0x00007ffcf0c00000 - 0x00007ffcf0cbd000 	C:\Windows\System32\KERNEL32.DLL
0x00007ffcf0260000 - 0x00007ffcf0556000 	C:\Windows\System32\KERNELBASE.dll
0x00007ffcf07e0000 - 0x00007ffcf08e0000 	C:\Windows\System32\ucrtbase.dll
0x00007ffce8480000 - 0x00007ffce8497000 	C:\Users\Eng-Wael\AppData\Local\Programs\Eclipse Adoptium\jdk-17.0.6.10-hotspot\bin\jli.dll
0x00007ffce52d0000 - 0x00007ffce52e9000 	C:\Users\Eng-Wael\AppData\Local\Programs\Eclipse Adoptium\jdk-17.0.6.10-hotspot\bin\VCRUNTIME140.dll
0x00007ffcf0930000 - 0x00007ffcf0acf000 	C:\Windows\System32\USER32.dll
0x00007ffcf0230000 - 0x00007ffcf0252000 	C:\Windows\System32\win32u.dll
0x00007ffcd80a0000 - 0x00007ffcd833a000 	C:\Windows\WinSxS\amd64_microsoft.windows.common-controls_6595b64144ccf1df_6.0.19041.3636_none_60b6a03d71f818d5\COMCTL32.dll
0x00007ffcf2770000 - 0x00007ffcf279b000 	C:\Windows\System32\GDI32.dll
0x00007ffcf0cd0000 - 0x00007ffcf0d6e000 	C:\Windows\System32\msvcrt.dll
0x00007ffceffb0000 - 0x00007ffcf00c7000 	C:\Windows\System32\gdi32full.dll
0x00007ffcf05f0000 - 0x00007ffcf068d000 	C:\Windows\System32\msvcp_win.dll
0x00007ffcf08f0000 - 0x00007ffcf0922000 	C:\Windows\System32\IMM32.DLL
0x00007ffce6960000 - 0x00007ffce696c000 	C:\Users\Eng-Wael\AppData\Local\Programs\Eclipse Adoptium\jdk-17.0.6.10-hotspot\bin\vcruntime140_1.dll
0x00007ffcbe9a0000 - 0x00007ffcbea31000 	C:\Users\Eng-Wael\AppData\Local\Programs\Eclipse Adoptium\jdk-17.0.6.10-hotspot\bin\msvcp140.dll
0x00007ffc78da0000 - 0x00007ffc799e7000 	C:\Users\Eng-Wael\AppData\Local\Programs\Eclipse Adoptium\jdk-17.0.6.10-hotspot\bin\server\jvm.dll
0x00007ffcf18d0000 - 0x00007ffcf1980000 	C:\Windows\System32\ADVAPI32.dll
0x00007ffcf2580000 - 0x00007ffcf2620000 	C:\Windows\System32\sechost.dll
0x00007ffcf0ad0000 - 0x00007ffcf0bf3000 	C:\Windows\System32\RPCRT4.dll
0x00007ffcf07b0000 - 0x00007ffcf07d7000 	C:\Windows\System32\bcrypt.dll
0x00007ffcd2be0000 - 0x00007ffcd2be9000 	C:\Windows\SYSTEM32\WSOCK32.dll
0x00007ffcc8320000 - 0x00007ffcc8347000 	C:\Windows\SYSTEM32\WINMM.dll
0x00007ffcf27a0000 - 0x00007ffcf280b000 	C:\Windows\System32\WS2_32.dll
0x00007ffce44b0000 - 0x00007ffce44ba000 	C:\Windows\SYSTEM32\VERSION.dll
0x00007ffcee780000 - 0x00007ffcee792000 	C:\Windows\SYSTEM32\kernel.appcore.dll
0x00007ffce52c0000 - 0x00007ffce52ca000 	C:\Users\Eng-Wael\AppData\Local\Programs\Eclipse Adoptium\jdk-17.0.6.10-hotspot\bin\jimage.dll
0x00007ffceddc0000 - 0x00007ffcedfa4000 	C:\Windows\SYSTEM32\DBGHELP.DLL
0x00007ffccacb0000 - 0x00007ffccace4000 	C:\Windows\SYSTEM32\dbgcore.DLL
0x00007ffcf0560000 - 0x00007ffcf05e2000 	C:\Windows\System32\bcryptPrimitives.dll
0x00007ffce52b0000 - 0x00007ffce52be000 	C:\Users\Eng-Wael\AppData\Local\Programs\Eclipse Adoptium\jdk-17.0.6.10-hotspot\bin\instrument.dll
0x00007ffce4e80000 - 0x00007ffce4ea5000 	C:\Users\Eng-Wael\AppData\Local\Programs\Eclipse Adoptium\jdk-17.0.6.10-hotspot\bin\java.dll

dbghelp: loaded successfully - version: 4.0.5 - missing functions: none
symbol engine: initialized successfully - sym options: 0x614 - pdb path: .;C:\Users\Eng-Wael\AppData\Local\Programs\Eclipse Adoptium\jdk-17.0.6.10-hotspot\bin;C:\Windows\SYSTEM32;C:\Windows\WinSxS\amd64_microsoft.windows.common-controls_6595b64144ccf1df_6.0.19041.3636_none_60b6a03d71f818d5;C:\Users\Eng-Wael\AppData\Local\Programs\Eclipse Adoptium\jdk-17.0.6.10-hotspot\bin\server

VM Arguments:
jvm_args: -ea -Didea.test.cyclic.buffer.size=1048576 -javaagent:C:\Program Files\JetBrains\IntelliJ IDEA 2023.2.3\lib\idea_rt.jar=61003:C:\Program Files\JetBrains\IntelliJ IDEA 2023.2.3\bin -Dfile.encoding=UTF-8 
java_command: com.intellij.rt.junit.JUnitStarter -ideVersion5 -junit4 SeleniumTest,scenario2
java_class_path (initial): C:\Program Files\JetBrains\IntelliJ IDEA 2023.2.3\lib\idea_rt.jar;C:\Program Files\JetBrains\IntelliJ IDEA 2023.2.3\plugins\junit\lib\junit5-rt.jar;C:\Program Files\JetBrains\IntelliJ IDEA 2023.2.3\plugins\junit\lib\junit-rt.jar;D:\Eclipse projects\SeleniumAssignment\out\production\SeleniumAssignment;D:\Uni\Semester 6\Testing\Selenium Files\selenium-java-4.20.0\auto-service-annotations-1.1.1.jar;D:\Uni\Semester 6\Testing\Selenium Files\selenium-java-4.20.0\byte-buddy-1.14.14-sources.jar;D:\Uni\Semester 6\Testing\Selenium Files\selenium-java-4.20.0\byte-buddy-1.14.14.jar;D:\Uni\Semester 6\Testing\Selenium Files\selenium-java-4.20.0\checker-qual-3.42.0.jar;D:\Uni\Semester 6\Testing\Selenium Files\selenium-java-4.20.0\commons-exec-1.4.0.jar;D:\Uni\Semester 6\Testing\Selenium Files\selenium-java-4.20.0\error_prone_annotations-2.26.1.jar;D:\Uni\Semester 6\Testing\Selenium Files\selenium-java-4.20.0\failsafe-3.3.2.jar;D:\Uni\Semester 6\Testing\Selenium Files\selenium-java-4.20.0\failureaccess-1.0.2.jar;D:\Uni\Semester 6\Testing\Selenium Files\selenium-java-4.20.0\guava-33.1.0-jre.jar;D:\Uni\Semester 6\Testing\Selenium Files\selenium-java-4.20.0\j2objc-annotations-3.0.0.jar;D:\Uni\Semester 6\Testing\Selenium Files\selenium-java-4.20.0\jsr305-3.0.2.jar;D:\Uni\Semester 6\Testing\Selenium Files\selenium-java-4.20.0\opentelemetry-api-1.37.0.jar;D:\Uni\Semester 6\Testing\Selenium Files\selenium-java-4.20.0\opentelemetry-api-incubator-1.37.0-alpha.jar;D:\Uni\Semester 6\Testing\Selenium Files\selenium-java-4.20.0\opentelemetry-context-1.37.0.jar;D:\Uni\Semester 6\Testing\Selenium Files\selenium-java-4.20.0\opentelemetry-exporter-logging-1.37.0.jar;D:\Uni\Semester 6\Testing\Selenium Files\selenium-java-4.20.0\opentelemetry-sdk-1.37.0.jar;D:\Uni\Semester 6\Testing\Selenium Files\selenium-java-4.20.0\opentelemetry-sdk-common-1.37.0.jar;D:\Uni\Semester 6\Testing\Selenium Files\selenium-java-4.20.0\opentelemetry-sdk-extension-autoconfigure-1.37.0.jar;D:\Un
Launcher Type: SUN_STANDARD

[Global flags]
     intx CICompilerCount                          = 3                                         {product} {ergonomic}
     uint ConcGCThreads                            = 1                                         {product} {ergonomic}
     uint G1ConcRefinementThreads                  = 4                                         {product} {ergonomic}
   size_t G1HeapRegionSize                         = 2097152                                   {product} {ergonomic}
    uintx GCDrainStackTargetSize                   = 64                                        {product} {ergonomic}
   size_t InitialHeapSize                          = 268435456                                 {product} {ergonomic}
   size_t MarkStackSize                            = 4194304                                   {product} {ergonomic}
   size_t MaxHeapSize                              = 4265607168                                {product} {ergonomic}
   size_t MinHeapDeltaBytes                        = 2097152                                   {product} {ergonomic}
   size_t MinHeapSize                              = 8388608                                   {product} {ergonomic}
    uintx NonNMethodCodeHeapSize                   = 5832780                                {pd product} {ergonomic}
    uintx NonProfiledCodeHeapSize                  = 122912730                              {pd product} {ergonomic}
    uintx ProfiledCodeHeapSize                     = 122912730                              {pd product} {ergonomic}
    uintx ReservedCodeCacheSize                    = 251658240                              {pd product} {ergonomic}
     bool SegmentedCodeCache                       = true                                      {product} {ergonomic}
   size_t SoftMaxHeapSize                          = 4265607168                             {manageable} {ergonomic}
     bool UseCompressedClassPointers               = true                           {product lp64_product} {ergonomic}
     bool UseCompressedOops                        = true                           {product lp64_product} {ergonomic}
     bool UseG1GC                                  = true                                      {product} {ergonomic}
     bool UseLargePagesIndividualAllocation        = false                                  {pd product} {ergonomic}

Logging:
Log output configuration:
 #0: stdout all=warning uptime,level,tags
 #1: stderr all=off uptime,level,tags

Environment Variables:
JAVA_HOME=C:\Users\Eng-Wael\AppData\Local\Programs\Eclipse Adoptium\jdk-17.0.6.10-hotspot\
PATH=C:\Program Files\Common Files\Oracle\Java\javapath;C:\Program Files (x86)\Common Files\Oracle\Java\javapath;C:\Windows\system32;C:\Windows;C:\Windows\System32\Wbem;C:\Windows\System32\WindowsPowerShell\v1.0\;C:\Windows\System32\OpenSSH\;C:\Program Files (x86)\Intel\Intel(R) Management Engine Components\DAL;C:\Program Files\Intel\Intel(R) Management Engine Components\DAL;C:\Program Files\Git\cmd;D:\java\bin;C:\Program Files (x86)\Microsoft SQL Server\160\Tools\Binn\;C:\Program Files\Microsoft SQL Server\160\Tools\Binn\;C:\Program Files\Microsoft SQL Server\Client SDK\ODBC\170\Tools\Binn\;C:\Program Files\Microsoft SQL Server\160\DTS\Binn\;C:\Program Files (x86)\Microsoft SQL Server\160\DTS\Binn\;C:\Program Files\Azure Data Studio\bin;C:\Program Files\dotnet\;C:\iverilog\bin;C:\MinGW\bin;C:\Users\Eng-Wael\AppData\Local\Programs\Eclipse Adoptium\jdk-17.0.6.10-hotspot\bin;C:\Users\Eng-Wael\AppData\Local\Microsoft\WindowsApps;C:\Users\Eng-Wael\AppData\Local\atom\bin;C:\Program Files\JetBrains\PyCharm Community Edition 2021.3\bin;;C:\flutter\bin;C:\Users\Eng-Wael\AppData\Local\Programs\Microsoft VS Code\bin;C:\Program Files\Azure Data Studio\bin;C:\Users\Eng-Wael\.dotnet\tools;C:\Program Files\JetBrains\IntelliJ IDEA 2023.2.3\bin;;C:\Users\Eng-Wael\AppData\Local\GitHubDesktop\bin
USERNAME=Eng-Wael
OS=Windows_NT
PROCESSOR_IDENTIFIER=Intel64 Family 6 Model 78 Stepping 3, GenuineIntel
TMP=C:\Users\Eng-Wael\AppData\Local\Temp
TEMP=C:\Users\Eng-Wael\AppData\Local\Temp



---------------  S Y S T E M  ---------------

OS:
 Windows 10 , 64 bit Build 19041 (10.0.19041.3636)
OS uptime: 8 days 5:52 hours

CPU: total 4 (initial active 4) (2 cores per cpu, 2 threads per core) family 6 model 78 stepping 3 microcode 0xd6, cx8, cmov, fxsr, ht, mmx, 3dnowpref, sse, sse2, sse3, ssse3, sse4.1, sse4.2, popcnt, lzcnt, tsc, tscinvbit, avx, avx2, aes, erms, clmul, bmi1, bmi2, rtm, adx, fma, vzeroupper, clflush, clflushopt

Memory: 4k page, system-wide physical 16264M (5175M free)
TotalPageFile size 19300M (AvailPageFile size 180M)
current process WorkingSet (physical memory assigned to process): 10M, peak: 10M
current process commit charge ("private bytes"): 52M, peak: 308M

vm_info: OpenJDK 64-Bit Server VM (17.0.6+10) for windows-amd64 JRE (17.0.6+10), built on Jan 18 2023 10:08:59 by "temurin" with MS VC++ 16.7 (VS2019)

END.
