#
# There is insufficient memory for the Java Runtime Environment to continue.
# Native memory allocation (mmap) failed to map 65536 bytes for Failed to commit metaspace.
# Possible reasons:
#   The system is out of physical RAM or swap space
#   The process is running with CompressedOops enabled, and the Java Heap may be blocking the growth of the native heap
# Possible solutions:
#   Reduce memory load on the system
#   Increase physical memory or swap space
#   Check if swap backing store is full
#   Decrease Java heap size (-Xmx/-Xms)
#   Decrease number of Java threads
#   Decrease Java thread stack sizes (-Xss)
#   Set larger code cache with -XX:ReservedCodeCacheSize=
#   JVM is running with Zero Based Compressed Oops mode in which the Java heap is
#     placed in the first 32GB address space. The Java Heap base address is the
#     maximum limit for the native heap growth. Please use -XX:HeapBaseMinAddress
#     to set the Java Heap base and to place the Java Heap above 32GB virtual address.
# This output file may be truncated or incomplete.
#
#  Out of Memory Error (virtualSpaceNode.cpp:110), pid=5208, tid=9592
#
# JRE version: OpenJDK Runtime Environment Temurin-17.0.6+10 (17.0.6+10) (build 17.0.6+10)
# Java VM: OpenJDK 64-Bit Server VM Temurin-17.0.6+10 (17.0.6+10, mixed mode, sharing, tiered, compressed oops, compressed class ptrs, g1 gc, windows-amd64)
# No core dump will be written. Minidumps are not enabled by default on client versions of Windows
#

---------------  S U M M A R Y ------------

Command Line: -ea -Didea.test.cyclic.buffer.size=1048576 -javaagent:C:\Program Files\JetBrains\IntelliJ IDEA 2023.2.3\lib\idea_rt.jar=61029:C:\Program Files\JetBrains\IntelliJ IDEA 2023.2.3\bin -Dfile.encoding=UTF-8 com.intellij.rt.junit.JUnitStarter -ideVersion5 -junit4 SeleniumTest,scenario1

Host: Intel(R) Core(TM) i5-6300U CPU @ 2.40GHz, 4 cores, 15G,  Windows 10 , 64 bit Build 19041 (10.0.19041.3636)
Time: Mon May 13 03:09:25 2024 Egypt Daylight Time elapsed time: 0.639812 seconds (0d 0h 0m 0s)

---------------  T H R E A D  ---------------

Current thread (0x000002d47f727840):  JavaThread "C1 CompilerThread0" daemon [_thread_in_vm, id=9592, stack(0x000000f115100000,0x000000f115200000)]


Current CompileTask:
C1:    639  513       3       java.util.LinkedHashMap::newNode (23 bytes)

Stack: [0x000000f115100000,0x000000f115200000]
Native frames: (J=compiled Java code, j=interpreted, Vv=VM code, C=native code)
V  [jvm.dll+0x67741a]
V  [jvm.dll+0x834434]
V  [jvm.dll+0x835bde]
V  [jvm.dll+0x836243]
V  [jvm.dll+0x2457b5]
V  [jvm.dll+0x8304cb]
V  [jvm.dll+0x61bca6]
V  [jvm.dll+0x61bd0a]
V  [jvm.dll+0x61e52a]
V  [jvm.dll+0x61c646]
V  [jvm.dll+0x62d84a]
V  [jvm.dll+0x6266aa]
V  [jvm.dll+0x1cc730]
V  [jvm.dll+0x1cc91f]
V  [jvm.dll+0x13459e]
V  [jvm.dll+0x1348c6]
V  [jvm.dll+0x133d5a]
V  [jvm.dll+0x135a21]
V  [jvm.dll+0x22742a]
V  [jvm.dll+0x225565]
V  [jvm.dll+0x7ea2cb]
V  [jvm.dll+0x7e483a]
V  [jvm.dll+0x6762c5]
C  [ucrtbase.dll+0x21bb2]
C  [KERNEL32.DLL+0x17344]
C  [ntdll.dll+0x526b1]


---------------  P R O C E S S  ---------------

Threads class SMR info:
_java_thread_list=0x000002d411b3d6c0, length=14, elements={
0x000002d46e002070, 0x000002d47f6ff080, 0x000002d47f700690, 0x000002d47f712040,
0x000002d47f712bf0, 0x000002d47f713f40, 0x000002d47f71a5a0, 0x000002d47f724290,
0x000002d47f727840, 0x000002d411920800, 0x000002d411a03c20, 0x000002d411a045c0,
0x000002d411a05900, 0x000002d411cae880
}

Java Threads: ( => current thread )
  0x000002d46e002070 JavaThread "main" [_thread_in_vm, id=1552, stack(0x000000f114300000,0x000000f114400000)]
  0x000002d47f6ff080 JavaThread "Reference Handler" daemon [_thread_blocked, id=4852, stack(0x000000f114a00000,0x000000f114b00000)]
  0x000002d47f700690 JavaThread "Finalizer" daemon [_thread_blocked, id=16124, stack(0x000000f114b00000,0x000000f114c00000)]
  0x000002d47f712040 JavaThread "Signal Dispatcher" daemon [_thread_blocked, id=6628, stack(0x000000f114c00000,0x000000f114d00000)]
  0x000002d47f712bf0 JavaThread "Attach Listener" daemon [_thread_blocked, id=11904, stack(0x000000f114d00000,0x000000f114e00000)]
  0x000002d47f713f40 JavaThread "Service Thread" daemon [_thread_blocked, id=20876, stack(0x000000f114e00000,0x000000f114f00000)]
  0x000002d47f71a5a0 JavaThread "Monitor Deflation Thread" daemon [_thread_blocked, id=19688, stack(0x000000f114f00000,0x000000f115000000)]
  0x000002d47f724290 JavaThread "C2 CompilerThread0" daemon [_thread_in_native, id=6248, stack(0x000000f115000000,0x000000f115100000)]
=>0x000002d47f727840 JavaThread "C1 CompilerThread0" daemon [_thread_in_vm, id=9592, stack(0x000000f115100000,0x000000f115200000)]
  0x000002d411920800 JavaThread "Sweeper thread" daemon [_thread_blocked, id=12780, stack(0x000000f115200000,0x000000f115300000)]
  0x000002d411a03c20 JavaThread "Common-Cleaner" daemon [_thread_blocked, id=17220, stack(0x000000f115300000,0x000000f115400000)]
  0x000002d411a045c0 JavaThread "Monitor Ctrl-Break" daemon [_thread_in_native, id=16884, stack(0x000000f115400000,0x000000f115500000)]
  0x000002d411a05900 JavaThread "Notification Thread" daemon [_thread_blocked, id=15856, stack(0x000000f115500000,0x000000f115600000)]
  0x000002d411cae880 JavaThread "C2 CompilerThread1" daemon [_thread_in_native, id=16168, stack(0x000000f115700000,0x000000f115800000)]

Other Threads:
  0x000002d47f6f9420 VMThread "VM Thread" [stack: 0x000000f114900000,0x000000f114a00000] [id=6544]
  0x000002d411a8a740 WatcherThread [stack: 0x000000f115600000,0x000000f115700000] [id=6648]
  0x000002d46e06bfd0 GCTaskThread "GC Thread#0" [stack: 0x000000f114400000,0x000000f114500000] [id=4612]
  0x000002d46e07cd50 ConcurrentGCThread "G1 Main Marker" [stack: 0x000000f114500000,0x000000f114600000] [id=5016]
  0x000002d46e07d760 ConcurrentGCThread "G1 Conc#0" [stack: 0x000000f114600000,0x000000f114700000] [id=17364]
  0x000002d47f5b20d0 ConcurrentGCThread "G1 Refine#0" [stack: 0x000000f114700000,0x000000f114800000] [id=15116]
  0x000002d47f5b2af0 ConcurrentGCThread "G1 Service" [stack: 0x000000f114800000,0x000000f114900000] [id=18912]

Threads with active compile tasks:
C2 CompilerThread0      698  462       4       java.util.jar.JarFile::getEntry (35 bytes)
C1 CompilerThread0      698  513       3       java.util.LinkedHashMap::newNode (23 bytes)
C2 CompilerThread1      698  485  s!   4       jdk.internal.loader.URLClassPath::getLoader (194 bytes)

VM state: not at safepoint (normal execution)

VM Mutex/Monitor currently owned by a thread:  ([mutex/lock_event])
[0x000002d46dffd160] Metaspace_lock - owner thread: 0x000002d47f727840
[0x000002d46dffe360] MethodData_lock - owner thread: 0x000002d47f727840

Heap address: 0x0000000701c00000, size: 4068 MB, Compressed Oops mode: Zero based, Oop shift amount: 3

CDS archive(s) mapped at: [0x0000000800000000-0x0000000800bc0000-0x0000000800bc0000), size 12320768, SharedBaseAddress: 0x0000000800000000, ArchiveRelocationMode: 0.
Compressed class space mapped at: 0x0000000800c00000-0x0000000840c00000, reserved size: 1073741824
Narrow klass base: 0x0000000800000000, Narrow klass shift: 0, Narrow klass range: 0x100000000

GC Precious Log:
 CPUs: 4 total, 4 available
 Memory: 16264M
 Large Page Support: Disabled
 NUMA Support: Disabled
 Compressed Oops: Enabled (Zero based)
 Heap Region Size: 2M
 Heap Min Capacity: 8M
 Heap Initial Capacity: 256M
 Heap Max Capacity: 4068M
 Pre-touch: Disabled
 Parallel Workers: 4
 Concurrent Workers: 1
 Concurrent Refinement Workers: 4
 Periodic GC: Disabled

Heap:
 garbage-first heap   total 262144K, used 6144K [0x0000000701c00000, 0x0000000800000000)
  region size 2048K, 4 young (8192K), 0 survivors (0K)
 Metaspace       used 1604K, committed 1728K, reserved 1056768K
  class space    used 168K, committed 256K, reserved 1048576K

Heap Regions: E=young(eden), S=young(survivor), O=old, HS=humongous(starts), HC=humongous(continues), CS=collection set, F=free, OA=open archive, CA=closed archive, TAMS=top-at-mark-start (previous, next)
|   0|0x0000000701c00000, 0x0000000701c00000, 0x0000000701e00000|  0%| F|  |TAMS 0x0000000701c00000, 0x0000000701c00000| Untracked 
|   1|0x0000000701e00000, 0x0000000701e00000, 0x0000000702000000|  0%| F|  |TAMS 0x0000000701e00000, 0x0000000701e00000| Untracked 
|   2|0x0000000702000000, 0x0000000702000000, 0x0000000702200000|  0%| F|  |TAMS 0x0000000702000000, 0x0000000702000000| Untracked 
|   3|0x0000000702200000, 0x0000000702200000, 0x0000000702400000|  0%| F|  |TAMS 0x0000000702200000, 0x0000000702200000| Untracked 
|   4|0x0000000702400000, 0x0000000702400000, 0x0000000702600000|  0%| F|  |TAMS 0x0000000702400000, 0x0000000702400000| Untracked 
|   5|0x0000000702600000, 0x0000000702600000, 0x0000000702800000|  0%| F|  |TAMS 0x0000000702600000, 0x0000000702600000| Untracked 
|   6|0x0000000702800000, 0x0000000702800000, 0x0000000702a00000|  0%| F|  |TAMS 0x0000000702800000, 0x0000000702800000| Untracked 
|   7|0x0000000702a00000, 0x0000000702a00000, 0x0000000702c00000|  0%| F|  |TAMS 0x0000000702a00000, 0x0000000702a00000| Untracked 
|   8|0x0000000702c00000, 0x0000000702c00000, 0x0000000702e00000|  0%| F|  |TAMS 0x0000000702c00000, 0x0000000702c00000| Untracked 
|   9|0x0000000702e00000, 0x0000000702e00000, 0x0000000703000000|  0%| F|  |TAMS 0x0000000702e00000, 0x0000000702e00000| Untracked 
|  10|0x0000000703000000, 0x0000000703000000, 0x0000000703200000|  0%| F|  |TAMS 0x0000000703000000, 0x0000000703000000| Untracked 
|  11|0x0000000703200000, 0x0000000703200000, 0x0000000703400000|  0%| F|  |TAMS 0x0000000703200000, 0x0000000703200000| Untracked 
|  12|0x0000000703400000, 0x0000000703400000, 0x0000000703600000|  0%| F|  |TAMS 0x0000000703400000, 0x0000000703400000| Untracked 
|  13|0x0000000703600000, 0x0000000703600000, 0x0000000703800000|  0%| F|  |TAMS 0x0000000703600000, 0x0000000703600000| Untracked 
|  14|0x0000000703800000, 0x0000000703800000, 0x0000000703a00000|  0%| F|  |TAMS 0x0000000703800000, 0x0000000703800000| Untracked 
|  15|0x0000000703a00000, 0x0000000703a00000, 0x0000000703c00000|  0%| F|  |TAMS 0x0000000703a00000, 0x0000000703a00000| Untracked 
|  16|0x0000000703c00000, 0x0000000703c00000, 0x0000000703e00000|  0%| F|  |TAMS 0x0000000703c00000, 0x0000000703c00000| Untracked 
|  17|0x0000000703e00000, 0x0000000703e00000, 0x0000000704000000|  0%| F|  |TAMS 0x0000000703e00000, 0x0000000703e00000| Untracked 
|  18|0x0000000704000000, 0x0000000704000000, 0x0000000704200000|  0%| F|  |TAMS 0x0000000704000000, 0x0000000704000000| Untracked 
|  19|0x0000000704200000, 0x0000000704200000, 0x0000000704400000|  0%| F|  |TAMS 0x0000000704200000, 0x0000000704200000| Untracked 
|  20|0x0000000704400000, 0x0000000704400000, 0x0000000704600000|  0%| F|  |TAMS 0x0000000704400000, 0x0000000704400000| Untracked 
|  21|0x0000000704600000, 0x0000000704600000, 0x0000000704800000|  0%| F|  |TAMS 0x0000000704600000, 0x0000000704600000| Untracked 
|  22|0x0000000704800000, 0x0000000704800000, 0x0000000704a00000|  0%| F|  |TAMS 0x0000000704800000, 0x0000000704800000| Untracked 
|  23|0x0000000704a00000, 0x0000000704a00000, 0x0000000704c00000|  0%| F|  |TAMS 0x0000000704a00000, 0x0000000704a00000| Untracked 
|  24|0x0000000704c00000, 0x0000000704c00000, 0x0000000704e00000|  0%| F|  |TAMS 0x0000000704c00000, 0x0000000704c00000| Untracked 
|  25|0x0000000704e00000, 0x0000000704e00000, 0x0000000705000000|  0%| F|  |TAMS 0x0000000704e00000, 0x0000000704e00000| Untracked 
|  26|0x0000000705000000, 0x0000000705000000, 0x0000000705200000|  0%| F|  |TAMS 0x0000000705000000, 0x0000000705000000| Untracked 
|  27|0x0000000705200000, 0x0000000705200000, 0x0000000705400000|  0%| F|  |TAMS 0x0000000705200000, 0x0000000705200000| Untracked 
|  28|0x0000000705400000, 0x0000000705400000, 0x0000000705600000|  0%| F|  |TAMS 0x0000000705400000, 0x0000000705400000| Untracked 
|  29|0x0000000705600000, 0x0000000705600000, 0x0000000705800000|  0%| F|  |TAMS 0x0000000705600000, 0x0000000705600000| Untracked 
|  30|0x0000000705800000, 0x0000000705800000, 0x0000000705a00000|  0%| F|  |TAMS 0x0000000705800000, 0x0000000705800000| Untracked 
|  31|0x0000000705a00000, 0x0000000705a00000, 0x0000000705c00000|  0%| F|  |TAMS 0x0000000705a00000, 0x0000000705a00000| Untracked 
|  32|0x0000000705c00000, 0x0000000705c00000, 0x0000000705e00000|  0%| F|  |TAMS 0x0000000705c00000, 0x0000000705c00000| Untracked 
|  33|0x0000000705e00000, 0x0000000705e00000, 0x0000000706000000|  0%| F|  |TAMS 0x0000000705e00000, 0x0000000705e00000| Untracked 
|  34|0x0000000706000000, 0x0000000706000000, 0x0000000706200000|  0%| F|  |TAMS 0x0000000706000000, 0x0000000706000000| Untracked 
|  35|0x0000000706200000, 0x0000000706200000, 0x0000000706400000|  0%| F|  |TAMS 0x0000000706200000, 0x0000000706200000| Untracked 
|  36|0x0000000706400000, 0x0000000706400000, 0x0000000706600000|  0%| F|  |TAMS 0x0000000706400000, 0x0000000706400000| Untracked 
|  37|0x0000000706600000, 0x0000000706600000, 0x0000000706800000|  0%| F|  |TAMS 0x0000000706600000, 0x0000000706600000| Untracked 
|  38|0x0000000706800000, 0x0000000706800000, 0x0000000706a00000|  0%| F|  |TAMS 0x0000000706800000, 0x0000000706800000| Untracked 
|  39|0x0000000706a00000, 0x0000000706a00000, 0x0000000706c00000|  0%| F|  |TAMS 0x0000000706a00000, 0x0000000706a00000| Untracked 
|  40|0x0000000706c00000, 0x0000000706c00000, 0x0000000706e00000|  0%| F|  |TAMS 0x0000000706c00000, 0x0000000706c00000| Untracked 
|  41|0x0000000706e00000, 0x0000000706e00000, 0x0000000707000000|  0%| F|  |TAMS 0x0000000706e00000, 0x0000000706e00000| Untracked 
|  42|0x0000000707000000, 0x0000000707000000, 0x0000000707200000|  0%| F|  |TAMS 0x0000000707000000, 0x0000000707000000| Untracked 
|  43|0x0000000707200000, 0x0000000707200000, 0x0000000707400000|  0%| F|  |TAMS 0x0000000707200000, 0x0000000707200000| Untracked 
|  44|0x0000000707400000, 0x0000000707400000, 0x0000000707600000|  0%| F|  |TAMS 0x0000000707400000, 0x0000000707400000| Untracked 
|  45|0x0000000707600000, 0x0000000707600000, 0x0000000707800000|  0%| F|  |TAMS 0x0000000707600000, 0x0000000707600000| Untracked 
|  46|0x0000000707800000, 0x0000000707800000, 0x0000000707a00000|  0%| F|  |TAMS 0x0000000707800000, 0x0000000707800000| Untracked 
|  47|0x0000000707a00000, 0x0000000707a00000, 0x0000000707c00000|  0%| F|  |TAMS 0x0000000707a00000, 0x0000000707a00000| Untracked 
|  48|0x0000000707c00000, 0x0000000707c00000, 0x0000000707e00000|  0%| F|  |TAMS 0x0000000707c00000, 0x0000000707c00000| Untracked 
|  49|0x0000000707e00000, 0x0000000707e00000, 0x0000000708000000|  0%| F|  |TAMS 0x0000000707e00000, 0x0000000707e00000| Untracked 
|  50|0x0000000708000000, 0x0000000708000000, 0x0000000708200000|  0%| F|  |TAMS 0x0000000708000000, 0x0000000708000000| Untracked 
|  51|0x0000000708200000, 0x0000000708200000, 0x0000000708400000|  0%| F|  |TAMS 0x0000000708200000, 0x0000000708200000| Untracked 
|  52|0x0000000708400000, 0x0000000708400000, 0x0000000708600000|  0%| F|  |TAMS 0x0000000708400000, 0x0000000708400000| Untracked 
|  53|0x0000000708600000, 0x0000000708600000, 0x0000000708800000|  0%| F|  |TAMS 0x0000000708600000, 0x0000000708600000| Untracked 
|  54|0x0000000708800000, 0x0000000708800000, 0x0000000708a00000|  0%| F|  |TAMS 0x0000000708800000, 0x0000000708800000| Untracked 
|  55|0x0000000708a00000, 0x0000000708a00000, 0x0000000708c00000|  0%| F|  |TAMS 0x0000000708a00000, 0x0000000708a00000| Untracked 
|  56|0x0000000708c00000, 0x0000000708c00000, 0x0000000708e00000|  0%| F|  |TAMS 0x0000000708c00000, 0x0000000708c00000| Untracked 
|  57|0x0000000708e00000, 0x0000000708e00000, 0x0000000709000000|  0%| F|  |TAMS 0x0000000708e00000, 0x0000000708e00000| Untracked 
|  58|0x0000000709000000, 0x0000000709000000, 0x0000000709200000|  0%| F|  |TAMS 0x0000000709000000, 0x0000000709000000| Untracked 
|  59|0x0000000709200000, 0x0000000709200000, 0x0000000709400000|  0%| F|  |TAMS 0x0000000709200000, 0x0000000709200000| Untracked 
|  60|0x0000000709400000, 0x0000000709400000, 0x0000000709600000|  0%| F|  |TAMS 0x0000000709400000, 0x0000000709400000| Untracked 
|  61|0x0000000709600000, 0x0000000709600000, 0x0000000709800000|  0%| F|  |TAMS 0x0000000709600000, 0x0000000709600000| Untracked 
|  62|0x0000000709800000, 0x0000000709800000, 0x0000000709a00000|  0%| F|  |TAMS 0x0000000709800000, 0x0000000709800000| Untracked 
|  63|0x0000000709a00000, 0x0000000709a00000, 0x0000000709c00000|  0%| F|  |TAMS 0x0000000709a00000, 0x0000000709a00000| Untracked 
|  64|0x0000000709c00000, 0x0000000709c00000, 0x0000000709e00000|  0%| F|  |TAMS 0x0000000709c00000, 0x0000000709c00000| Untracked 
|  65|0x0000000709e00000, 0x0000000709e00000, 0x000000070a000000|  0%| F|  |TAMS 0x0000000709e00000, 0x0000000709e00000| Untracked 
|  66|0x000000070a000000, 0x000000070a000000, 0x000000070a200000|  0%| F|  |TAMS 0x000000070a000000, 0x000000070a000000| Untracked 
|  67|0x000000070a200000, 0x000000070a200000, 0x000000070a400000|  0%| F|  |TAMS 0x000000070a200000, 0x000000070a200000| Untracked 
|  68|0x000000070a400000, 0x000000070a400000, 0x000000070a600000|  0%| F|  |TAMS 0x000000070a400000, 0x000000070a400000| Untracked 
|  69|0x000000070a600000, 0x000000070a600000, 0x000000070a800000|  0%| F|  |TAMS 0x000000070a600000, 0x000000070a600000| Untracked 
|  70|0x000000070a800000, 0x000000070a800000, 0x000000070aa00000|  0%| F|  |TAMS 0x000000070a800000, 0x000000070a800000| Untracked 
|  71|0x000000070aa00000, 0x000000070aa00000, 0x000000070ac00000|  0%| F|  |TAMS 0x000000070aa00000, 0x000000070aa00000| Untracked 
|  72|0x000000070ac00000, 0x000000070ac00000, 0x000000070ae00000|  0%| F|  |TAMS 0x000000070ac00000, 0x000000070ac00000| Untracked 
|  73|0x000000070ae00000, 0x000000070ae00000, 0x000000070b000000|  0%| F|  |TAMS 0x000000070ae00000, 0x000000070ae00000| Untracked 
|  74|0x000000070b000000, 0x000000070b000000, 0x000000070b200000|  0%| F|  |TAMS 0x000000070b000000, 0x000000070b000000| Untracked 
|  75|0x000000070b200000, 0x000000070b200000, 0x000000070b400000|  0%| F|  |TAMS 0x000000070b200000, 0x000000070b200000| Untracked 
|  76|0x000000070b400000, 0x000000070b400000, 0x000000070b600000|  0%| F|  |TAMS 0x000000070b400000, 0x000000070b400000| Untracked 
|  77|0x000000070b600000, 0x000000070b600000, 0x000000070b800000|  0%| F|  |TAMS 0x000000070b600000, 0x000000070b600000| Untracked 
|  78|0x000000070b800000, 0x000000070b800000, 0x000000070ba00000|  0%| F|  |TAMS 0x000000070b800000, 0x000000070b800000| Untracked 
|  79|0x000000070ba00000, 0x000000070ba00000, 0x000000070bc00000|  0%| F|  |TAMS 0x000000070ba00000, 0x000000070ba00000| Untracked 
|  80|0x000000070bc00000, 0x000000070bc00000, 0x000000070be00000|  0%| F|  |TAMS 0x000000070bc00000, 0x000000070bc00000| Untracked 
|  81|0x000000070be00000, 0x000000070be00000, 0x000000070c000000|  0%| F|  |TAMS 0x000000070be00000, 0x000000070be00000| Untracked 
|  82|0x000000070c000000, 0x000000070c000000, 0x000000070c200000|  0%| F|  |TAMS 0x000000070c000000, 0x000000070c000000| Untracked 
|  83|0x000000070c200000, 0x000000070c200000, 0x000000070c400000|  0%| F|  |TAMS 0x000000070c200000, 0x000000070c200000| Untracked 
|  84|0x000000070c400000, 0x000000070c400000, 0x000000070c600000|  0%| F|  |TAMS 0x000000070c400000, 0x000000070c400000| Untracked 
|  85|0x000000070c600000, 0x000000070c600000, 0x000000070c800000|  0%| F|  |TAMS 0x000000070c600000, 0x000000070c600000| Untracked 
|  86|0x000000070c800000, 0x000000070c800000, 0x000000070ca00000|  0%| F|  |TAMS 0x000000070c800000, 0x000000070c800000| Untracked 
|  87|0x000000070ca00000, 0x000000070ca00000, 0x000000070cc00000|  0%| F|  |TAMS 0x000000070ca00000, 0x000000070ca00000| Untracked 
|  88|0x000000070cc00000, 0x000000070cc00000, 0x000000070ce00000|  0%| F|  |TAMS 0x000000070cc00000, 0x000000070cc00000| Untracked 
|  89|0x000000070ce00000, 0x000000070ce00000, 0x000000070d000000|  0%| F|  |TAMS 0x000000070ce00000, 0x000000070ce00000| Untracked 
|  90|0x000000070d000000, 0x000000070d000000, 0x000000070d200000|  0%| F|  |TAMS 0x000000070d000000, 0x000000070d000000| Untracked 
|  91|0x000000070d200000, 0x000000070d200000, 0x000000070d400000|  0%| F|  |TAMS 0x000000070d200000, 0x000000070d200000| Untracked 
|  92|0x000000070d400000, 0x000000070d400000, 0x000000070d600000|  0%| F|  |TAMS 0x000000070d400000, 0x000000070d400000| Untracked 
|  93|0x000000070d600000, 0x000000070d600000, 0x000000070d800000|  0%| F|  |TAMS 0x000000070d600000, 0x000000070d600000| Untracked 
|  94|0x000000070d800000, 0x000000070d800000, 0x000000070da00000|  0%| F|  |TAMS 0x000000070d800000, 0x000000070d800000| Untracked 
|  95|0x000000070da00000, 0x000000070da00000, 0x000000070dc00000|  0%| F|  |TAMS 0x000000070da00000, 0x000000070da00000| Untracked 
|  96|0x000000070dc00000, 0x000000070dc00000, 0x000000070de00000|  0%| F|  |TAMS 0x000000070dc00000, 0x000000070dc00000| Untracked 
|  97|0x000000070de00000, 0x000000070de00000, 0x000000070e000000|  0%| F|  |TAMS 0x000000070de00000, 0x000000070de00000| Untracked 
|  98|0x000000070e000000, 0x000000070e000000, 0x000000070e200000|  0%| F|  |TAMS 0x000000070e000000, 0x000000070e000000| Untracked 
|  99|0x000000070e200000, 0x000000070e200000, 0x000000070e400000|  0%| F|  |TAMS 0x000000070e200000, 0x000000070e200000| Untracked 
| 100|0x000000070e400000, 0x000000070e400000, 0x000000070e600000|  0%| F|  |TAMS 0x000000070e400000, 0x000000070e400000| Untracked 
| 101|0x000000070e600000, 0x000000070e600000, 0x000000070e800000|  0%| F|  |TAMS 0x000000070e600000, 0x000000070e600000| Untracked 
| 102|0x000000070e800000, 0x000000070e800000, 0x000000070ea00000|  0%| F|  |TAMS 0x000000070e800000, 0x000000070e800000| Untracked 
| 103|0x000000070ea00000, 0x000000070ea00000, 0x000000070ec00000|  0%| F|  |TAMS 0x000000070ea00000, 0x000000070ea00000| Untracked 
| 104|0x000000070ec00000, 0x000000070ec00000, 0x000000070ee00000|  0%| F|  |TAMS 0x000000070ec00000, 0x000000070ec00000| Untracked 
| 105|0x000000070ee00000, 0x000000070ee00000, 0x000000070f000000|  0%| F|  |TAMS 0x000000070ee00000, 0x000000070ee00000| Untracked 
| 106|0x000000070f000000, 0x000000070f000000, 0x000000070f200000|  0%| F|  |TAMS 0x000000070f000000, 0x000000070f000000| Untracked 
| 107|0x000000070f200000, 0x000000070f200000, 0x000000070f400000|  0%| F|  |TAMS 0x000000070f200000, 0x000000070f200000| Untracked 
| 108|0x000000070f400000, 0x000000070f400000, 0x000000070f600000|  0%| F|  |TAMS 0x000000070f400000, 0x000000070f400000| Untracked 
| 109|0x000000070f600000, 0x000000070f600000, 0x000000070f800000|  0%| F|  |TAMS 0x000000070f600000, 0x000000070f600000| Untracked 
| 110|0x000000070f800000, 0x000000070f800000, 0x000000070fa00000|  0%| F|  |TAMS 0x000000070f800000, 0x000000070f800000| Untracked 
| 111|0x000000070fa00000, 0x000000070fa00000, 0x000000070fc00000|  0%| F|  |TAMS 0x000000070fa00000, 0x000000070fa00000| Untracked 
| 112|0x000000070fc00000, 0x000000070fc00000, 0x000000070fe00000|  0%| F|  |TAMS 0x000000070fc00000, 0x000000070fc00000| Untracked 
| 113|0x000000070fe00000, 0x000000070fe00000, 0x0000000710000000|  0%| F|  |TAMS 0x000000070fe00000, 0x000000070fe00000| Untracked 
| 114|0x0000000710000000, 0x0000000710000000, 0x0000000710200000|  0%| F|  |TAMS 0x0000000710000000, 0x0000000710000000| Untracked 
| 115|0x0000000710200000, 0x0000000710200000, 0x0000000710400000|  0%| F|  |TAMS 0x0000000710200000, 0x0000000710200000| Untracked 
| 116|0x0000000710400000, 0x0000000710400000, 0x0000000710600000|  0%| F|  |TAMS 0x0000000710400000, 0x0000000710400000| Untracked 
| 117|0x0000000710600000, 0x0000000710600000, 0x0000000710800000|  0%| F|  |TAMS 0x0000000710600000, 0x0000000710600000| Untracked 
| 118|0x0000000710800000, 0x0000000710800000, 0x0000000710a00000|  0%| F|  |TAMS 0x0000000710800000, 0x0000000710800000| Untracked 
| 119|0x0000000710a00000, 0x0000000710a00000, 0x0000000710c00000|  0%| F|  |TAMS 0x0000000710a00000, 0x0000000710a00000| Untracked 
| 120|0x0000000710c00000, 0x0000000710c00000, 0x0000000710e00000|  0%| F|  |TAMS 0x0000000710c00000, 0x0000000710c00000| Untracked 
| 121|0x0000000710e00000, 0x0000000710e00000, 0x0000000711000000|  0%| F|  |TAMS 0x0000000710e00000, 0x0000000710e00000| Untracked 
| 122|0x0000000711000000, 0x0000000711000000, 0x0000000711200000|  0%| F|  |TAMS 0x0000000711000000, 0x0000000711000000| Untracked 
| 123|0x0000000711200000, 0x0000000711200000, 0x0000000711400000|  0%| F|  |TAMS 0x0000000711200000, 0x0000000711200000| Untracked 
| 124|0x0000000711400000, 0x00000007114fef08, 0x0000000711600000| 49%| E|  |TAMS 0x0000000711400000, 0x0000000711400000| Complete 
| 125|0x0000000711600000, 0x0000000711800000, 0x0000000711800000|100%| E|CS|TAMS 0x0000000711600000, 0x0000000711600000| Complete 
| 126|0x0000000711800000, 0x0000000711a00000, 0x0000000711a00000|100%| E|CS|TAMS 0x0000000711800000, 0x0000000711800000| Complete 
| 127|0x0000000711a00000, 0x0000000711c00000, 0x0000000711c00000|100%| E|CS|TAMS 0x0000000711a00000, 0x0000000711a00000| Complete 

Card table byte_map: [0x000002d4762e0000,0x000002d476ae0000] _byte_map_base: 0x000002d472ad2000

Marking Bits (Prev, Next): (CMBitMap*) 0x000002d46e06c5e0, (CMBitMap*) 0x000002d46e06c620
 Prev Bits: [0x000002d4772e0000, 0x000002d47b270000)
 Next Bits: [0x000002d47b270000, 0x000002d47f200000)

Polling page: 0x000002d46bfd0000

Metaspace:

Usage:
  Non-class:      1.40 MB used.
      Class:    168.20 KB used.
       Both:      1.57 MB used.

Virtual space:
  Non-class space:        8.00 MB reserved,       1.44 MB ( 18%) committed,  1 nodes.
      Class space:        1.00 GB reserved,     256.00 KB ( <1%) committed,  1 nodes.
             Both:        1.01 GB reserved,       1.69 MB ( <1%) committed. 

Chunk freelists:
   Non-Class:  3.65 MB
       Class:  3.67 MB
        Both:  7.33 MB

MaxMetaspaceSize: unlimited
CompressedClassSpaceSize: 1.00 GB
Initial GC threshold: 21.00 MB
Current GC threshold: 21.00 MB
CDS: on
MetaspaceReclaimPolicy: balanced
 - commit_granule_bytes: 65536.
 - commit_granule_words: 8192.
 - virtual_space_node_default_size: 1048576.
 - enlarge_chunks_in_place: 1.
 - new_chunks_are_fully_committed: 0.
 - uncommit_free_chunks: 1.
 - use_allocation_guard: 0.
 - handle_deallocations: 1.


Internal statistics:

num_allocs_failed_limit: 0.
num_arena_births: 12.
num_arena_deaths: 0.
num_vsnodes_births: 2.
num_vsnodes_deaths: 0.
num_space_committed: 27.
num_space_uncommitted: 0.
num_chunks_returned_to_freelist: 0.
num_chunks_taken_from_freelist: 33.
num_chunk_merges: 0.
num_chunk_splits: 23.
num_chunks_enlarged: 18.
num_purges: 0.
num_inconsistent_stats: 0.

CodeHeap 'non-profiled nmethods': size=120000Kb used=166Kb max_used=166Kb free=119833Kb
 bounds [0x000002d407ad0000, 0x000002d407d40000, 0x000002d40f000000]
CodeHeap 'profiled nmethods': size=120000Kb used=689Kb max_used=689Kb free=119310Kb
 bounds [0x000002d400000000, 0x000002d400270000, 0x000002d407530000]
CodeHeap 'non-nmethods': size=5760Kb used=1123Kb max_used=1142Kb free=4636Kb
 bounds [0x000002d407530000, 0x000002d4077a0000, 0x000002d407ad0000]
 total_blobs=914 nmethods=508 adapters=319
 compilation: enabled
              stopped_count=0, restarted_count=0
 full_count=0

Compilation events (20 events):
Event: 0.629 Thread 0x000002d47f727840 nmethod 501 0x000002d4000a8a10 code [0x000002d4000a8bc0, 0x000002d4000a8e18]
Event: 0.629 Thread 0x000002d47f727840  503       3       jdk.internal.org.objectweb.asm.Frame::merge (317 bytes)
Event: 0.631 Thread 0x000002d47f727840 nmethod 503 0x000002d4000a8f10 code [0x000002d4000a9140, 0x000002d4000a9ac8]
Event: 0.632 Thread 0x000002d47f727840  504       3       java.lang.CharacterDataLatin1::isWhitespace (23 bytes)
Event: 0.632 Thread 0x000002d47f727840 nmethod 504 0x000002d4000a9d10 code [0x000002d4000a9ec0, 0x000002d4000aa0d8]
Event: 0.632 Thread 0x000002d47f727840  505       3       java.util.LinkedHashMap::get (29 bytes)
Event: 0.633 Thread 0x000002d47f727840 nmethod 505 0x000002d4000aa210 code [0x000002d4000aa3c0, 0x000002d4000aa618]
Event: 0.633 Thread 0x000002d47f727840  507       3       jdk.internal.org.objectweb.asm.Label::getCanonicalInstance (19 bytes)
Event: 0.633 Thread 0x000002d47f727840 nmethod 507 0x000002d4000aa710 code [0x000002d4000aa8a0, 0x000002d4000aaa18]
Event: 0.633 Thread 0x000002d47f727840  508       3       jdk.internal.org.objectweb.asm.Label::<init> (5 bytes)
Event: 0.633 Thread 0x000002d47f727840 nmethod 508 0x000002d4000aab10 code [0x000002d4000aaca0, 0x000002d4000aadf8]
Event: 0.633 Thread 0x000002d47f727840  509       3       jdk.internal.org.objectweb.asm.Label::resolve (219 bytes)
Event: 0.634 Thread 0x000002d47f727840 nmethod 509 0x000002d4000aae90 code [0x000002d4000ab060, 0x000002d4000ab598]
Event: 0.634 Thread 0x000002d47f727840  512       3       jdk.internal.org.objectweb.asm.SymbolTable::addType (81 bytes)
Event: 0.635 Thread 0x000002d47f727840 nmethod 512 0x000002d4000ab890 code [0x000002d4000abaa0, 0x000002d4000abff8]
Event: 0.635 Thread 0x000002d47f727840  510       3       jdk.internal.org.objectweb.asm.SymbolTable::addConstantClass (8 bytes)
Event: 0.635 Thread 0x000002d47f727840 nmethod 510 0x000002d4000ac290 code [0x000002d4000ac420, 0x000002d4000ac568]
Event: 0.635 Thread 0x000002d47f727840  511       1       java.lang.reflect.Method::getModifiers (5 bytes)
Event: 0.635 Thread 0x000002d47f727840 nmethod 511 0x000002d407af9590 code [0x000002d407af9720, 0x000002d407af97f8]
Event: 0.635 Thread 0x000002d47f727840  513       3       java.util.LinkedHashMap::newNode (23 bytes)

GC Heap History (0 events):
No events

Dll operation events (9 events):
Event: 0.017 Loaded shared library C:\Users\Eng-Wael\AppData\Local\Programs\Eclipse Adoptium\jdk-17.0.6.10-hotspot\bin\java.dll
Event: 0.041 Loaded shared library C:\Users\Eng-Wael\AppData\Local\Programs\Eclipse Adoptium\jdk-17.0.6.10-hotspot\bin\jsvml.dll
Event: 0.233 Loaded shared library C:\Users\Eng-Wael\AppData\Local\Programs\Eclipse Adoptium\jdk-17.0.6.10-hotspot\bin\zip.dll
Event: 0.239 Loaded shared library C:\Users\Eng-Wael\AppData\Local\Programs\Eclipse Adoptium\jdk-17.0.6.10-hotspot\bin\instrument.dll
Event: 0.252 Loaded shared library C:\Users\Eng-Wael\AppData\Local\Programs\Eclipse Adoptium\jdk-17.0.6.10-hotspot\bin\net.dll
Event: 0.255 Loaded shared library C:\Users\Eng-Wael\AppData\Local\Programs\Eclipse Adoptium\jdk-17.0.6.10-hotspot\bin\nio.dll
Event: 0.264 Loaded shared library C:\Users\Eng-Wael\AppData\Local\Programs\Eclipse Adoptium\jdk-17.0.6.10-hotspot\bin\zip.dll
Event: 0.271 Loaded shared library C:\Program Files\JetBrains\IntelliJ IDEA 2023.2.3\bin\breakgen64.dll
Event: 0.429 Loaded shared library C:\Users\Eng-Wael\AppData\Local\Programs\Eclipse Adoptium\jdk-17.0.6.10-hotspot\bin\verify.dll

Deoptimization events (20 events):
Event: 0.312 Thread 0x000002d46e002070 DEOPT PACKING pc=0x000002d400035c0c sp=0x000000f1143fdb80
Event: 0.312 Thread 0x000002d46e002070 DEOPT UNPACKING pc=0x000002d407587143 sp=0x000000f1143fd010 mode 0
Event: 0.312 Thread 0x000002d46e002070 DEOPT PACKING pc=0x000002d400035c0c sp=0x000000f1143fdb80
Event: 0.312 Thread 0x000002d46e002070 DEOPT UNPACKING pc=0x000002d407587143 sp=0x000000f1143fd010 mode 0
Event: 0.312 Thread 0x000002d46e002070 DEOPT PACKING pc=0x000002d400035c0c sp=0x000000f1143fdb80
Event: 0.312 Thread 0x000002d46e002070 DEOPT UNPACKING pc=0x000002d407587143 sp=0x000000f1143fd010 mode 0
Event: 0.312 Thread 0x000002d46e002070 DEOPT PACKING pc=0x000002d400035c0c sp=0x000000f1143fdb80
Event: 0.312 Thread 0x000002d46e002070 DEOPT UNPACKING pc=0x000002d407587143 sp=0x000000f1143fd010 mode 0
Event: 0.312 Thread 0x000002d46e002070 DEOPT PACKING pc=0x000002d400035c0c sp=0x000000f1143fdb80
Event: 0.313 Thread 0x000002d46e002070 DEOPT UNPACKING pc=0x000002d407587143 sp=0x000000f1143fd010 mode 0
Event: 0.316 Thread 0x000002d46e002070 DEOPT PACKING pc=0x000002d400035c0c sp=0x000000f1143fdb80
Event: 0.317 Thread 0x000002d46e002070 DEOPT UNPACKING pc=0x000002d407587143 sp=0x000000f1143fd010 mode 0
Event: 0.317 Thread 0x000002d46e002070 DEOPT PACKING pc=0x000002d400035c0c sp=0x000000f1143fdb80
Event: 0.317 Thread 0x000002d46e002070 DEOPT UNPACKING pc=0x000002d407587143 sp=0x000000f1143fd010 mode 0
Event: 0.383 Thread 0x000002d46e002070 DEOPT PACKING pc=0x000002d40000a567 sp=0x000000f1143fda20
Event: 0.383 Thread 0x000002d46e002070 DEOPT UNPACKING pc=0x000002d407587143 sp=0x000000f1143fce40 mode 0
Event: 0.632 Thread 0x000002d46e002070 Uncommon trap: trap_request=0xffffffde fr.pc=0x000002d407add460 relative=0x0000000000000480
Event: 0.632 Thread 0x000002d46e002070 Uncommon trap: reason=class_check action=maybe_recompile pc=0x000002d407add460 method=java.util.HashMap.putVal(ILjava/lang/Object;Ljava/lang/Object;ZZ)Ljava/lang/Object; @ 253 c2
Event: 0.632 Thread 0x000002d46e002070 DEOPT PACKING pc=0x000002d407add460 sp=0x000000f1143fe780
Event: 0.632 Thread 0x000002d46e002070 DEOPT UNPACKING pc=0x000002d4075869a3 sp=0x000000f1143fe730 mode 2

Classes unloaded (0 events):
No events

Classes redefined (0 events):
No events

Internal exceptions (5 events):
Event: 0.281 Thread 0x000002d411a045c0 Exception <a 'java/lang/NoSuchMethodError'{0x0000000711bf0330}: 'java.lang.Object java.lang.invoke.DirectMethodHandle$Holder.invokeStaticInit(java.lang.Object)'> (0x0000000711bf0330) 
thrown [s\src\hotspot\share\interpreter\linkResolver.cpp, line 759]
Event: 0.298 Thread 0x000002d411a045c0 Exception <a 'java/lang/NoSuchMethodError'{0x0000000711bfe3b8}: 'void java.lang.invoke.DirectMethodHandle$Holder.invokeStatic(java.lang.Object, java.lang.Object)'> (0x0000000711bfe3b8) 
thrown [s\src\hotspot\share\interpreter\linkResolver.cpp, line 759]
Event: 0.448 Thread 0x000002d46e002070 Exception <a 'java/io/FileNotFoundException'{0x000000071171cb80}> (0x000000071171cb80) 
thrown [s\src\hotspot\share\prims\jni.cpp, line 516]
Event: 0.620 Thread 0x000002d46e002070 Exception <a 'java/lang/NoSuchMethodError'{0x00000007114a7210}: 'java.lang.Object java.lang.invoke.DirectMethodHandle$Holder.invokeInterface(java.lang.Object, java.lang.Object)'> (0x00000007114a7210) 
thrown [s\src\hotspot\share\interpreter\linkResolver.cpp, line 759]
Event: 0.621 Thread 0x000002d46e002070 Exception <a 'java/lang/IncompatibleClassChangeError'{0x00000007114aaa08}: Found class java.lang.Object, but interface was expected> (0x00000007114aaa08) 
thrown [s\src\hotspot\share\interpreter\linkResolver.cpp, line 826]

VM Operations (6 events):
Event: 0.205 Executing VM operation: HandshakeAllThreads
Event: 0.205 Executing VM operation: HandshakeAllThreads done
Event: 0.278 Executing VM operation: HandshakeAllThreads
Event: 0.278 Executing VM operation: HandshakeAllThreads done
Event: 0.448 Executing VM operation: HandshakeAllThreads
Event: 0.448 Executing VM operation: HandshakeAllThreads done

Events (20 events):
Event: 0.520 loading class java/lang/InterruptedException
Event: 0.520 loading class java/lang/InterruptedException done
Event: 0.523 loading class java/lang/reflect/ProxyGenerator$PrimitiveTypeInfo
Event: 0.523 loading class java/lang/reflect/ProxyGenerator$PrimitiveTypeInfo done
Event: 0.523 loading class jdk/internal/org/objectweb/asm/Edge
Event: 0.524 loading class jdk/internal/org/objectweb/asm/Edge done
Event: 0.526 loading class java/lang/reflect/Proxy$ProxyBuilder$1
Event: 0.526 loading class java/lang/reflect/Proxy$ProxyBuilder$1 done
Event: 0.527 loading class java/lang/annotation/Target
Event: 0.527 loading class java/lang/annotation/Target done
Event: 0.531 loading class java/lang/reflect/UndeclaredThrowableException
Event: 0.531 loading class java/lang/reflect/UndeclaredThrowableException done
Event: 0.619 loading class java/lang/CloneNotSupportedException
Event: 0.619 loading class java/lang/CloneNotSupportedException done
Event: 0.627 loading class jdk/internal/vm/annotation/IntrinsicCandidate
Event: 0.627 loading class jdk/internal/vm/annotation/IntrinsicCandidate done
Event: 0.631 loading class java/lang/Deprecated
Event: 0.631 loading class java/lang/Deprecated done
Event: 0.631 loading class java/lang/annotation/Documented
Event: 0.632 loading class java/lang/annotation/Documented done


Dynamic libraries:
0x00007ff7fb990000 - 0x00007ff7fb99e000 	C:\Users\Eng-Wael\AppData\Local\Programs\Eclipse Adoptium\jdk-17.0.6.10-hotspot\bin\java.exe
0x00007ffcf28b0000 - 0x00007ffcf2aa8000 	C:\Windows\SYSTEM32\ntdll.dll
0x00007ffcf0c00000 - 0x00007ffcf0cbd000 	C:\Windows\System32\KERNEL32.DLL
0x00007ffcf0260000 - 0x00007ffcf0556000 	C:\Windows\System32\KERNELBASE.dll
0x00007ffcf07e0000 - 0x00007ffcf08e0000 	C:\Windows\System32\ucrtbase.dll
0x00007ffce8480000 - 0x00007ffce8499000 	C:\Users\Eng-Wael\AppData\Local\Programs\Eclipse Adoptium\jdk-17.0.6.10-hotspot\bin\VCRUNTIME140.dll
0x00007ffce52d0000 - 0x00007ffce52e7000 	C:\Users\Eng-Wael\AppData\Local\Programs\Eclipse Adoptium\jdk-17.0.6.10-hotspot\bin\jli.dll
0x00007ffcf0930000 - 0x00007ffcf0acf000 	C:\Windows\System32\USER32.dll
0x00007ffcf0230000 - 0x00007ffcf0252000 	C:\Windows\System32\win32u.dll
0x00007ffcd80a0000 - 0x00007ffcd833a000 	C:\Windows\WinSxS\amd64_microsoft.windows.common-controls_6595b64144ccf1df_6.0.19041.3636_none_60b6a03d71f818d5\COMCTL32.dll
0x00007ffcf2770000 - 0x00007ffcf279b000 	C:\Windows\System32\GDI32.dll
0x00007ffcf0cd0000 - 0x00007ffcf0d6e000 	C:\Windows\System32\msvcrt.dll
0x00007ffceffb0000 - 0x00007ffcf00c7000 	C:\Windows\System32\gdi32full.dll
0x00007ffcf05f0000 - 0x00007ffcf068d000 	C:\Windows\System32\msvcp_win.dll
0x00007ffcf08f0000 - 0x00007ffcf0922000 	C:\Windows\System32\IMM32.DLL
0x00007ffce6960000 - 0x00007ffce696c000 	C:\Users\Eng-Wael\AppData\Local\Programs\Eclipse Adoptium\jdk-17.0.6.10-hotspot\bin\vcruntime140_1.dll
0x00007ffcbe9a0000 - 0x00007ffcbea31000 	C:\Users\Eng-Wael\AppData\Local\Programs\Eclipse Adoptium\jdk-17.0.6.10-hotspot\bin\msvcp140.dll
0x00007ffc78da0000 - 0x00007ffc799e7000 	C:\Users\Eng-Wael\AppData\Local\Programs\Eclipse Adoptium\jdk-17.0.6.10-hotspot\bin\server\jvm.dll
0x00007ffcf18d0000 - 0x00007ffcf1980000 	C:\Windows\System32\ADVAPI32.dll
0x00007ffcf2580000 - 0x00007ffcf2620000 	C:\Windows\System32\sechost.dll
0x00007ffcf0ad0000 - 0x00007ffcf0bf3000 	C:\Windows\System32\RPCRT4.dll
0x00007ffcf07b0000 - 0x00007ffcf07d7000 	C:\Windows\System32\bcrypt.dll
0x00007ffcd2be0000 - 0x00007ffcd2be9000 	C:\Windows\SYSTEM32\WSOCK32.dll
0x00007ffcc8320000 - 0x00007ffcc8347000 	C:\Windows\SYSTEM32\WINMM.dll
0x00007ffcf27a0000 - 0x00007ffcf280b000 	C:\Windows\System32\WS2_32.dll
0x00007ffce44b0000 - 0x00007ffce44ba000 	C:\Windows\SYSTEM32\VERSION.dll
0x00007ffcee780000 - 0x00007ffcee792000 	C:\Windows\SYSTEM32\kernel.appcore.dll
0x00007ffce52c0000 - 0x00007ffce52ca000 	C:\Users\Eng-Wael\AppData\Local\Programs\Eclipse Adoptium\jdk-17.0.6.10-hotspot\bin\jimage.dll
0x00007ffceddc0000 - 0x00007ffcedfa4000 	C:\Windows\SYSTEM32\DBGHELP.DLL
0x00007ffccacb0000 - 0x00007ffccace4000 	C:\Windows\SYSTEM32\dbgcore.DLL
0x00007ffcf0560000 - 0x00007ffcf05e2000 	C:\Windows\System32\bcryptPrimitives.dll
0x00007ffce52b0000 - 0x00007ffce52be000 	C:\Users\Eng-Wael\AppData\Local\Programs\Eclipse Adoptium\jdk-17.0.6.10-hotspot\bin\instrument.dll
0x00007ffce4e80000 - 0x00007ffce4ea5000 	C:\Users\Eng-Wael\AppData\Local\Programs\Eclipse Adoptium\jdk-17.0.6.10-hotspot\bin\java.dll
0x00007ffca79f0000 - 0x00007ffca7ac6000 	C:\Users\Eng-Wael\AppData\Local\Programs\Eclipse Adoptium\jdk-17.0.6.10-hotspot\bin\jsvml.dll
0x00007ffcf1100000 - 0x00007ffcf186b000 	C:\Windows\System32\SHELL32.dll
0x00007ffcedfb0000 - 0x00007ffcee74e000 	C:\Windows\SYSTEM32\windows.storage.dll
0x00007ffcf1c40000 - 0x00007ffcf1f93000 	C:\Windows\System32\combase.dll
0x00007ffcef8c0000 - 0x00007ffcef8ee000 	C:\Windows\SYSTEM32\Wldp.dll
0x00007ffcf0de0000 - 0x00007ffcf0ead000 	C:\Windows\System32\OLEAUT32.dll
0x00007ffcf1980000 - 0x00007ffcf1a2d000 	C:\Windows\System32\SHCORE.dll
0x00007ffcf1be0000 - 0x00007ffcf1c35000 	C:\Windows\System32\shlwapi.dll
0x00007ffcefe90000 - 0x00007ffcefeb3000 	C:\Windows\SYSTEM32\profapi.dll
0x00007ffce4e60000 - 0x00007ffce4e78000 	C:\Users\Eng-Wael\AppData\Local\Programs\Eclipse Adoptium\jdk-17.0.6.10-hotspot\bin\zip.dll
0x00007ffce4e40000 - 0x00007ffce4e59000 	C:\Users\Eng-Wael\AppData\Local\Programs\Eclipse Adoptium\jdk-17.0.6.10-hotspot\bin\net.dll
0x00007ffcdc7b0000 - 0x00007ffcdc8ba000 	C:\Windows\SYSTEM32\WINHTTP.dll
0x00007ffcef620000 - 0x00007ffcef68a000 	C:\Windows\system32\mswsock.dll
0x00007ffcc2180000 - 0x00007ffcc2195000 	C:\Users\Eng-Wael\AppData\Local\Programs\Eclipse Adoptium\jdk-17.0.6.10-hotspot\bin\nio.dll
0x00007ffcbfdd0000 - 0x00007ffcbfdea000 	C:\Program Files\JetBrains\IntelliJ IDEA 2023.2.3\bin\breakgen64.dll
0x00007ffce5290000 - 0x00007ffce52a0000 	C:\Users\Eng-Wael\AppData\Local\Programs\Eclipse Adoptium\jdk-17.0.6.10-hotspot\bin\verify.dll

dbghelp: loaded successfully - version: 4.0.5 - missing functions: none
symbol engine: initialized successfully - sym options: 0x614 - pdb path: .;C:\Users\Eng-Wael\AppData\Local\Programs\Eclipse Adoptium\jdk-17.0.6.10-hotspot\bin;C:\Windows\SYSTEM32;C:\Windows\WinSxS\amd64_microsoft.windows.common-controls_6595b64144ccf1df_6.0.19041.3636_none_60b6a03d71f818d5;C:\Users\Eng-Wael\AppData\Local\Programs\Eclipse Adoptium\jdk-17.0.6.10-hotspot\bin\server;C:\Program Files\JetBrains\IntelliJ IDEA 2023.2.3\bin

VM Arguments:
jvm_args: -ea -Didea.test.cyclic.buffer.size=1048576 -javaagent:C:\Program Files\JetBrains\IntelliJ IDEA 2023.2.3\lib\idea_rt.jar=61029:C:\Program Files\JetBrains\IntelliJ IDEA 2023.2.3\bin -Dfile.encoding=UTF-8 
java_command: com.intellij.rt.junit.JUnitStarter -ideVersion5 -junit4 SeleniumTest,scenario1
java_class_path (initial): C:\Program Files\JetBrains\IntelliJ IDEA 2023.2.3\lib\idea_rt.jar;C:\Program Files\JetBrains\IntelliJ IDEA 2023.2.3\plugins\junit\lib\junit5-rt.jar;C:\Program Files\JetBrains\IntelliJ IDEA 2023.2.3\plugins\junit\lib\junit-rt.jar;D:\Eclipse projects\SeleniumAssignment\out\production\SeleniumAssignment;D:\Uni\Semester 6\Testing\Selenium Files\selenium-java-4.20.0\auto-service-annotations-1.1.1.jar;D:\Uni\Semester 6\Testing\Selenium Files\selenium-java-4.20.0\byte-buddy-1.14.14-sources.jar;D:\Uni\Semester 6\Testing\Selenium Files\selenium-java-4.20.0\byte-buddy-1.14.14.jar;D:\Uni\Semester 6\Testing\Selenium Files\selenium-java-4.20.0\checker-qual-3.42.0.jar;D:\Uni\Semester 6\Testing\Selenium Files\selenium-java-4.20.0\commons-exec-1.4.0.jar;D:\Uni\Semester 6\Testing\Selenium Files\selenium-java-4.20.0\error_prone_annotations-2.26.1.jar;D:\Uni\Semester 6\Testing\Selenium Files\selenium-java-4.20.0\failsafe-3.3.2.jar;D:\Uni\Semester 6\Testing\Selenium Files\selenium-java-4.20.0\failureaccess-1.0.2.jar;D:\Uni\Semester 6\Testing\Selenium Files\selenium-java-4.20.0\guava-33.1.0-jre.jar;D:\Uni\Semester 6\Testing\Selenium Files\selenium-java-4.20.0\j2objc-annotations-3.0.0.jar;D:\Uni\Semester 6\Testing\Selenium Files\selenium-java-4.20.0\jsr305-3.0.2.jar;D:\Uni\Semester 6\Testing\Selenium Files\selenium-java-4.20.0\opentelemetry-api-1.37.0.jar;D:\Uni\Semester 6\Testing\Selenium Files\selenium-java-4.20.0\opentelemetry-api-incubator-1.37.0-alpha.jar;D:\Uni\Semester 6\Testing\Selenium Files\selenium-java-4.20.0\opentelemetry-context-1.37.0.jar;D:\Uni\Semester 6\Testing\Selenium Files\selenium-java-4.20.0\opentelemetry-exporter-logging-1.37.0.jar;D:\Uni\Semester 6\Testing\Selenium Files\selenium-java-4.20.0\opentelemetry-sdk-1.37.0.jar;D:\Uni\Semester 6\Testing\Selenium Files\selenium-java-4.20.0\opentelemetry-sdk-common-1.37.0.jar;D:\Uni\Semester 6\Testing\Selenium Files\selenium-java-4.20.0\opentelemetry-sdk-extension-autoconfigure-1.37.0.jar;D:\Un
Launcher Type: SUN_STANDARD

[Global flags]
     intx CICompilerCount                          = 3                                         {product} {ergonomic}
     uint ConcGCThreads                            = 1                                         {product} {ergonomic}
     uint G1ConcRefinementThreads                  = 4                                         {product} {ergonomic}
   size_t G1HeapRegionSize                         = 2097152                                   {product} {ergonomic}
    uintx GCDrainStackTargetSize                   = 64                                        {product} {ergonomic}
   size_t InitialHeapSize                          = 268435456                                 {product} {ergonomic}
   size_t MarkStackSize                            = 4194304                                   {product} {ergonomic}
   size_t MaxHeapSize                              = 4265607168                                {product} {ergonomic}
   size_t MaxNewSize                               = 2558525440                                {product} {ergonomic}
   size_t MinHeapDeltaBytes                        = 2097152                                   {product} {ergonomic}
   size_t MinHeapSize                              = 8388608                                   {product} {ergonomic}
    uintx NonNMethodCodeHeapSize                   = 5832780                                {pd product} {ergonomic}
    uintx NonProfiledCodeHeapSize                  = 122912730                              {pd product} {ergonomic}
    uintx ProfiledCodeHeapSize                     = 122912730                              {pd product} {ergonomic}
    uintx ReservedCodeCacheSize                    = 251658240                              {pd product} {ergonomic}
     bool SegmentedCodeCache                       = true                                      {product} {ergonomic}
   size_t SoftMaxHeapSize                          = 4265607168                             {manageable} {ergonomic}
     bool UseCompressedClassPointers               = true                           {product lp64_product} {ergonomic}
     bool UseCompressedOops                        = true                           {product lp64_product} {ergonomic}
     bool UseG1GC                                  = true                                      {product} {ergonomic}
     bool UseLargePagesIndividualAllocation        = false                                  {pd product} {ergonomic}

Logging:
Log output configuration:
 #0: stdout all=warning uptime,level,tags
 #1: stderr all=off uptime,level,tags

Environment Variables:
JAVA_HOME=C:\Users\Eng-Wael\AppData\Local\Programs\Eclipse Adoptium\jdk-17.0.6.10-hotspot\
PATH=C:\Program Files\Common Files\Oracle\Java\javapath;C:\Program Files (x86)\Common Files\Oracle\Java\javapath;C:\Windows\system32;C:\Windows;C:\Windows\System32\Wbem;C:\Windows\System32\WindowsPowerShell\v1.0\;C:\Windows\System32\OpenSSH\;C:\Program Files (x86)\Intel\Intel(R) Management Engine Components\DAL;C:\Program Files\Intel\Intel(R) Management Engine Components\DAL;C:\Program Files\Git\cmd;D:\java\bin;C:\Program Files (x86)\Microsoft SQL Server\160\Tools\Binn\;C:\Program Files\Microsoft SQL Server\160\Tools\Binn\;C:\Program Files\Microsoft SQL Server\Client SDK\ODBC\170\Tools\Binn\;C:\Program Files\Microsoft SQL Server\160\DTS\Binn\;C:\Program Files (x86)\Microsoft SQL Server\160\DTS\Binn\;C:\Program Files\Azure Data Studio\bin;C:\Program Files\dotnet\;C:\iverilog\bin;C:\MinGW\bin;C:\Users\Eng-Wael\AppData\Local\Programs\Eclipse Adoptium\jdk-17.0.6.10-hotspot\bin;C:\Users\Eng-Wael\AppData\Local\Microsoft\WindowsApps;C:\Users\Eng-Wael\AppData\Local\atom\bin;C:\Program Files\JetBrains\PyCharm Community Edition 2021.3\bin;;C:\flutter\bin;C:\Users\Eng-Wael\AppData\Local\Programs\Microsoft VS Code\bin;C:\Program Files\Azure Data Studio\bin;C:\Users\Eng-Wael\.dotnet\tools;C:\Program Files\JetBrains\IntelliJ IDEA 2023.2.3\bin;;C:\Users\Eng-Wael\AppData\Local\GitHubDesktop\bin
USERNAME=Eng-Wael
OS=Windows_NT
PROCESSOR_IDENTIFIER=Intel64 Family 6 Model 78 Stepping 3, GenuineIntel
TMP=C:\Users\Eng-Wael\AppData\Local\Temp
TEMP=C:\Users\Eng-Wael\AppData\Local\Temp



---------------  S Y S T E M  ---------------

OS:
 Windows 10 , 64 bit Build 19041 (10.0.19041.3636)
OS uptime: 8 days 5:53 hours

CPU: total 4 (initial active 4) (2 cores per cpu, 2 threads per core) family 6 model 78 stepping 3 microcode 0xd6, cx8, cmov, fxsr, ht, mmx, 3dnowpref, sse, sse2, sse3, ssse3, sse4.1, sse4.2, popcnt, lzcnt, tsc, tscinvbit, avx, avx2, aes, erms, clmul, bmi1, bmi2, rtm, adx, fma, vzeroupper, clflush, clflushopt

Memory: 4k page, system-wide physical 16264M (5186M free)
TotalPageFile size 19300M (AvailPageFile size 2M)
current process WorkingSet (physical memory assigned to process): 47M, peak: 47M
current process commit charge ("private bytes"): 343M, peak: 343M

vm_info: OpenJDK 64-Bit Server VM (17.0.6+10) for windows-amd64 JRE (17.0.6+10), built on Jan 18 2023 10:08:59 by "temurin" with MS VC++ 16.7 (VS2019)

END.
